<?xml version="1.0" encoding="UTF-8"?>
<testsuite name="EdgeConnectorTest" tests="13" skipped="0" failures="12" errors="0" timestamp="2021-10-07T02:50:40" hostname="Seths-MacBook-Pro.local" time="0.162">
  <properties/>
  <testcase name="testGetEndPoint1" classname="EdgeConnectorTest" time="0.006">
    <failure message="java.lang.StackOverflowError" type="java.lang.StackOverflowError">java.lang.StackOverflowError
	at EdgeConnector.getEndPoint1(EdgeConnector.java:32)
	at EdgeConnector.getEndPoint1(EdgeConnector.java:32)
	at EdgeConnector.getEndPoint1(EdgeConnector.java:32)
	at EdgeConnector.getEndPoint1(EdgeConnector.java:32)
	at EdgeConnector.getEndPoint1(EdgeConnector.java:32)
	at EdgeConnector.getEndPoint1(EdgeConnector.java:32)
	at EdgeConnector.getEndPoint1(EdgeConnector.java:32)
	at EdgeConnector.getEndPoint1(EdgeConnector.java:32)
	at EdgeConnector.getEndPoint1(EdgeConnector.java:32)
	at EdgeConnector.getEndPoint1(EdgeConnector.java:32)
	at EdgeConnector.getEndPoint1(EdgeConnector.java:32)
	at EdgeConnector.getEndPoint1(EdgeConnector.java:32)
	at EdgeConnector.getEndPoint1(EdgeConnector.java:32)
	at EdgeConnector.getEndPoint1(EdgeConnector.java:32)
	at EdgeConnector.getEndPoint1(EdgeConnector.java:32)
	at EdgeConnector.getEndPoint1(EdgeConnector.java:32)
	at EdgeConnector.getEndPoint1(EdgeConnector.java:32)
	at EdgeConnector.getEndPoint1(EdgeConnector.java:32)
	at EdgeConnector.getEndPoint1(EdgeConnector.java:32)
	at EdgeConnector.getEndPoint1(EdgeConnector.java:32)
	at EdgeConnector.getEndPoint1(EdgeConnector.java:32)
	at EdgeConnector.getEndPoint1(EdgeConnector.java:32)
	at EdgeConnector.getEndPoint1(EdgeConnector.java:32)
	at EdgeConnector.getEndPoint1(EdgeConnector.java:32)
	at EdgeConnector.getEndPoint1(EdgeConnector.java:32)
	at EdgeConnector.getEndPoint1(EdgeConnector.java:32)
	at EdgeConnector.getEndPoint1(EdgeConnector.java:32)
	at EdgeConnector.getEndPoint1(EdgeConnector.java:32)
	at EdgeConnector.getEndPoint1(EdgeConnector.java:32)
	at EdgeConnector.getEndPoint1(EdgeConnector.java:32)
	at EdgeConnector.getEndPoint1(EdgeConnector.java:32)
	at EdgeConnector.getEndPoint1(EdgeConnector.java:32)
	at EdgeConnector.getEndPoint1(EdgeConnector.java:32)
	at EdgeConnector.getEndPoint1(EdgeConnector.java:32)
	at EdgeConnector.getEndPoint1(EdgeConnector.java:32)
	at EdgeConnector.getEndPoint1(EdgeConnector.java:32)
	at EdgeConnector.getEndPoint1(EdgeConnector.java:32)
	at EdgeConnector.getEndPoint1(EdgeConnector.java:32)
	at EdgeConnector.getEndPoint1(EdgeConnector.java:32)
	at EdgeConnector.getEndPoint1(EdgeConnector.java:32)
	at EdgeConnector.getEndPoint1(EdgeConnector.java:32)
	at EdgeConnector.getEndPoint1(EdgeConnector.java:32)
	at EdgeConnector.getEndPoint1(EdgeConnector.java:32)
	at EdgeConnector.getEndPoint1(EdgeConnector.java:32)
	at EdgeConnector.getEndPoint1(EdgeConnector.java:32)
	at EdgeConnector.getEndPoint1(EdgeConnector.java:32)
	at EdgeConnector.getEndPoint1(EdgeConnector.java:32)
	at EdgeConnector.getEndPoint1(EdgeConnector.java:32)
	at EdgeConnector.getEndPoint1(EdgeConnector.java:32)
	at EdgeConnector.getEndPoint1(EdgeConnector.java:32)
	at EdgeConnector.getEndPoint1(EdgeConnector.java:32)
	at EdgeConnector.getEndPoint1(EdgeConnector.java:32)
	at EdgeConnector.getEndPoint1(EdgeConnector.java:32)
	at EdgeConnector.getEndPoint1(EdgeConnector.java:32)
	at EdgeConnector.getEndPoint1(EdgeConnector.java:32)
	at EdgeConnector.getEndPoint1(EdgeConnector.java:32)
	at EdgeConnector.getEndPoint1(EdgeConnector.java:32)
	at EdgeConnector.getEndPoint1(EdgeConnector.java:32)
	at EdgeConnector.getEndPoint1(EdgeConnector.java:32)
	at EdgeConnector.getEndPoint1(EdgeConnector.java:32)
	at EdgeConnector.getEndPoint1(EdgeConnector.java:32)
	at EdgeConnector.getEndPoint1(EdgeConnector.java:32)
	at EdgeConnector.getEndPoint1(EdgeConnector.java:32)
	at EdgeConnector.getEndPoint1(EdgeConnector.java:32)
	at EdgeConnector.getEndPoint1(EdgeConnector.java:32)
	at EdgeConnector.getEndPoint1(EdgeConnector.java:32)
	at EdgeConnector.getEndPoint1(EdgeConnector.java:32)
	at EdgeConnector.getEndPoint1(EdgeConnector.java:32)
	at EdgeConnector.getEndPoint1(EdgeConnector.java:32)
	at EdgeConnector.getEndPoint1(EdgeConnector.java:32)
	at EdgeConnector.getEndPoint1(EdgeConnector.java:32)
	at EdgeConnector.getEndPoint1(EdgeConnector.java:32)
	at EdgeConnector.getEndPoint1(EdgeConnector.java:32)
	at EdgeConnector.getEndPoint1(EdgeConnector.java:32)
	at EdgeConnector.getEndPoint1(EdgeConnector.java:32)
	at EdgeConnector.getEndPoint1(EdgeConnector.java:32)
	at EdgeConnector.getEndPoint1(EdgeConnector.java:32)
	at EdgeConnector.getEndPoint1(EdgeConnector.java:32)
	at EdgeConnector.getEndPoint1(EdgeConnector.java:32)
	at EdgeConnector.getEndPoint1(EdgeConnector.java:32)
	at EdgeConnector.getEndPoint1(EdgeConnector.java:32)
	at EdgeConnector.getEndPoint1(EdgeConnector.java:32)
	at EdgeConnector.getEndPoint1(EdgeConnector.java:32)
	at EdgeConnector.getEndPoint1(EdgeConnector.java:32)
	at EdgeConnector.getEndPoint1(EdgeConnector.java:32)
	at EdgeConnector.getEndPoint1(EdgeConnector.java:32)
	at EdgeConnector.getEndPoint1(EdgeConnector.java:32)
	at EdgeConnector.getEndPoint1(EdgeConnector.java:32)
	at EdgeConnector.getEndPoint1(EdgeConnector.java:32)
	at EdgeConnector.getEndPoint1(EdgeConnector.java:32)
	at EdgeConnector.getEndPoint1(EdgeConnector.java:32)
	at EdgeConnector.getEndPoint1(EdgeConnector.java:32)
	at EdgeConnector.getEndPoint1(EdgeConnector.java:32)
	at EdgeConnector.getEndPoint1(EdgeConnector.java:32)
	at EdgeConnector.getEndPoint1(EdgeConnector.java:32)
	at EdgeConnector.getEndPoint1(EdgeConnector.java:32)
	at EdgeConnector.getEndPoint1(EdgeConnector.java:32)
	at EdgeConnector.getEndPoint1(EdgeConnector.java:32)
	at EdgeConnector.getEndPoint1(EdgeConnector.java:32)
	at EdgeConnector.getEndPoint1(EdgeConnector.java:32)
	at EdgeConnector.getEndPoint1(EdgeConnector.java:32)
	at EdgeConnector.getEndPoint1(EdgeConnector.java:32)
	at EdgeConnector.getEndPoint1(EdgeConnector.java:32)
	at EdgeConnector.getEndPoint1(EdgeConnector.java:32)
	at EdgeConnector.getEndPoint1(EdgeConnector.java:32)
	at EdgeConnector.getEndPoint1(EdgeConnector.java:32)
	at EdgeConnector.getEndPoint1(EdgeConnector.java:32)
	at EdgeConnector.getEndPoint1(EdgeConnector.java:32)
	at EdgeConnector.getEndPoint1(EdgeConnector.java:32)
	at EdgeConnector.getEndPoint1(EdgeConnector.java:32)
	at EdgeConnector.getEndPoint1(EdgeConnector.java:32)
	at EdgeConnector.getEndPoint1(EdgeConnector.java:32)
	at EdgeConnector.getEndPoint1(EdgeConnector.java:32)
	at EdgeConnector.getEndPoint1(EdgeConnector.java:32)
	at EdgeConnector.getEndPoint1(EdgeConnector.java:32)
	at EdgeConnector.getEndPoint1(EdgeConnector.java:32)
	at EdgeConnector.getEndPoint1(EdgeConnector.java:32)
	at EdgeConnector.getEndPoint1(EdgeConnector.java:32)
	at EdgeConnector.getEndPoint1(EdgeConnector.java:32)
	at EdgeConnector.getEndPoint1(EdgeConnector.java:32)
	at EdgeConnector.getEndPoint1(EdgeConnector.java:32)
	at EdgeConnector.getEndPoint1(EdgeConnector.java:32)
	at EdgeConnector.getEndPoint1(EdgeConnector.java:32)
	at EdgeConnector.getEndPoint1(EdgeConnector.java:32)
	at EdgeConnector.getEndPoint1(EdgeConnector.java:32)
	at EdgeConnector.getEndPoint1(EdgeConnector.java:32)
	at EdgeConnector.getEndPoint1(EdgeConnector.java:32)
	at EdgeConnector.getEndPoint1(EdgeConnector.java:32)
	at EdgeConnector.getEndPoint1(EdgeConnector.java:32)
	at EdgeConnector.getEndPoint1(EdgeConnector.java:32)
	at EdgeConnector.getEndPoint1(EdgeConnector.java:32)
	at EdgeConnector.getEndPoint1(EdgeConnector.java:32)
	at EdgeConnector.getEndPoint1(EdgeConnector.java:32)
	at EdgeConnector.getEndPoint1(EdgeConnector.java:32)
	at EdgeConnector.getEndPoint1(EdgeConnector.java:32)
	at EdgeConnector.getEndPoint1(EdgeConnector.java:32)
	at EdgeConnector.getEndPoint1(EdgeConnector.java:32)
	at EdgeConnector.getEndPoint1(EdgeConnector.java:32)
	at EdgeConnector.getEndPoint1(EdgeConnector.java:32)
	at EdgeConnector.getEndPoint1(EdgeConnector.java:32)
	at EdgeConnector.getEndPoint1(EdgeConnector.java:32)
	at EdgeConnector.getEndPoint1(EdgeConnector.java:32)
	at EdgeConnector.getEndPoint1(EdgeConnector.java:32)
	at EdgeConnector.getEndPoint1(EdgeConnector.java:32)
	at EdgeConnector.getEndPoint1(EdgeConnector.java:32)
	at EdgeConnector.getEndPoint1(EdgeConnector.java:32)
	at EdgeConnector.getEndPoint1(EdgeConnector.java:32)
	at EdgeConnector.getEndPoint1(EdgeConnector.java:32)
	at EdgeConnector.getEndPoint1(EdgeConnector.java:32)
	at EdgeConnector.getEndPoint1(EdgeConnector.java:32)
	at EdgeConnector.getEndPoint1(EdgeConnector.java:32)
	at EdgeConnector.getEndPoint1(EdgeConnector.java:32)
	at EdgeConnector.getEndPoint1(EdgeConnector.java:32)
	at EdgeConnector.getEndPoint1(EdgeConnector.java:32)
	at EdgeConnector.getEndPoint1(EdgeConnector.java:32)
	at EdgeConnector.getEndPoint1(EdgeConnector.java:32)
	at EdgeConnector.getEndPoint1(EdgeConnector.java:32)
	at EdgeConnector.getEndPoint1(EdgeConnector.java:32)
	at EdgeConnector.getEndPoint1(EdgeConnector.java:32)
	at EdgeConnector.getEndPoint1(EdgeConnector.java:32)
	at EdgeConnector.getEndPoint1(EdgeConnector.java:32)
	at EdgeConnector.getEndPoint1(EdgeConnector.java:32)
	at EdgeConnector.getEndPoint1(EdgeConnector.java:32)
	at EdgeConnector.getEndPoint1(EdgeConnector.java:32)
	at EdgeConnector.getEndPoint1(EdgeConnector.java:32)
	at EdgeConnector.getEndPoint1(EdgeConnector.java:32)
	at EdgeConnector.getEndPoint1(EdgeConnector.java:32)
	at EdgeConnector.getEndPoint1(EdgeConnector.java:32)
	at EdgeConnector.getEndPoint1(EdgeConnector.java:32)
	at EdgeConnector.getEndPoint1(EdgeConnector.java:32)
	at EdgeConnector.getEndPoint1(EdgeConnector.java:32)
	at EdgeConnector.getEndPoint1(EdgeConnector.java:32)
	at EdgeConnector.getEndPoint1(EdgeConnector.java:32)
	at EdgeConnector.getEndPoint1(EdgeConnector.java:32)
	at EdgeConnector.getEndPoint1(EdgeConnector.java:32)
	at EdgeConnector.getEndPoint1(EdgeConnector.java:32)
	at EdgeConnector.getEndPoint1(EdgeConnector.java:32)
	at EdgeConnector.getEndPoint1(EdgeConnector.java:32)
	at EdgeConnector.getEndPoint1(EdgeConnector.java:32)
	at EdgeConnector.getEndPoint1(EdgeConnector.java:32)
	at EdgeConnector.getEndPoint1(EdgeConnector.java:32)
	at EdgeConnector.getEndPoint1(EdgeConnector.java:32)
	at EdgeConnector.getEndPoint1(EdgeConnector.java:32)
	at EdgeConnector.getEndPoint1(EdgeConnector.java:32)
	at EdgeConnector.getEndPoint1(EdgeConnector.java:32)
	at EdgeConnector.getEndPoint1(EdgeConnector.java:32)
	at EdgeConnector.getEndPoint1(EdgeConnector.java:32)
	at EdgeConnector.getEndPoint1(EdgeConnector.java:32)
	at EdgeConnector.getEndPoint1(EdgeConnector.java:32)
	at EdgeConnector.getEndPoint1(EdgeConnector.java:32)
	at EdgeConnector.getEndPoint1(EdgeConnector.java:32)
	at EdgeConnector.getEndPoint1(EdgeConnector.java:32)
	at EdgeConnector.getEndPoint1(EdgeConnector.java:32)
	at EdgeConnector.getEndPoint1(EdgeConnector.java:32)
	at EdgeConnector.getEndPoint1(EdgeConnector.java:32)
	at EdgeConnector.getEndPoint1(EdgeConnector.java:32)
	at EdgeConnector.getEndPoint1(EdgeConnector.java:32)
	at EdgeConnector.getEndPoint1(EdgeConnector.java:32)
	at EdgeConnector.getEndPoint1(EdgeConnector.java:32)
	at EdgeConnector.getEndPoint1(EdgeConnector.java:32)
	at EdgeConnector.getEndPoint1(EdgeConnector.java:32)
	at EdgeConnector.getEndPoint1(EdgeConnector.java:32)
	at EdgeConnector.getEndPoint1(EdgeConnector.java:32)
	at EdgeConnector.getEndPoint1(EdgeConnector.java:32)
	at EdgeConnector.getEndPoint1(EdgeConnector.java:32)
	at EdgeConnector.getEndPoint1(EdgeConnector.java:32)
	at EdgeConnector.getEndPoint1(EdgeConnector.java:32)
	at EdgeConnector.getEndPoint1(EdgeConnector.java:32)
	at EdgeConnector.getEndPoint1(EdgeConnector.java:32)
	at EdgeConnector.getEndPoint1(EdgeConnector.java:32)
	at EdgeConnector.getEndPoint1(EdgeConnector.java:32)
	at EdgeConnector.getEndPoint1(EdgeConnector.java:32)
	at EdgeConnector.getEndPoint1(EdgeConnector.java:32)
	at EdgeConnector.getEndPoint1(EdgeConnector.java:32)
	at EdgeConnector.getEndPoint1(EdgeConnector.java:32)
	at EdgeConnector.getEndPoint1(EdgeConnector.java:32)
	at EdgeConnector.getEndPoint1(EdgeConnector.java:32)
	at EdgeConnector.getEndPoint1(EdgeConnector.java:32)
	at EdgeConnector.getEndPoint1(EdgeConnector.java:32)
	at EdgeConnector.getEndPoint1(EdgeConnector.java:32)
	at EdgeConnector.getEndPoint1(EdgeConnector.java:32)
	at EdgeConnector.getEndPoint1(EdgeConnector.java:32)
	at EdgeConnector.getEndPoint1(EdgeConnector.java:32)
	at EdgeConnector.getEndPoint1(EdgeConnector.java:32)
	at EdgeConnector.getEndPoint1(EdgeConnector.java:32)
	at EdgeConnector.getEndPoint1(EdgeConnector.java:32)
	at EdgeConnector.getEndPoint1(EdgeConnector.java:32)
	at EdgeConnector.getEndPoint1(EdgeConnector.java:32)
	at EdgeConnector.getEndPoint1(EdgeConnector.java:32)
	at EdgeConnector.getEndPoint1(EdgeConnector.java:32)
	at EdgeConnector.getEndPoint1(EdgeConnector.java:32)
	at EdgeConnector.getEndPoint1(EdgeConnector.java:32)
	at EdgeConnector.getEndPoint1(EdgeConnector.java:32)
	at EdgeConnector.getEndPoint1(EdgeConnector.java:32)
	at EdgeConnector.getEndPoint1(EdgeConnector.java:32)
	at EdgeConnector.getEndPoint1(EdgeConnector.java:32)
	at EdgeConnector.getEndPoint1(EdgeConnector.java:32)
	at EdgeConnector.getEndPoint1(EdgeConnector.java:32)
	at EdgeConnector.getEndPoint1(EdgeConnector.java:32)
	at EdgeConnector.getEndPoint1(EdgeConnector.java:32)
	at EdgeConnector.getEndPoint1(EdgeConnector.java:32)
	at EdgeConnector.getEndPoint1(EdgeConnector.java:32)
	at EdgeConnector.getEndPoint1(EdgeConnector.java:32)
	at EdgeConnector.getEndPoint1(EdgeConnector.java:32)
	at EdgeConnector.getEndPoint1(EdgeConnector.java:32)
	at EdgeConnector.getEndPoint1(EdgeConnector.java:32)
	at EdgeConnector.getEndPoint1(EdgeConnector.java:32)
	at EdgeConnector.getEndPoint1(EdgeConnector.java:32)
	at EdgeConnector.getEndPoint1(EdgeConnector.java:32)
	at EdgeConnector.getEndPoint1(EdgeConnector.java:32)
	at EdgeConnector.getEndPoint1(EdgeConnector.java:32)
	at EdgeConnector.getEndPoint1(EdgeConnector.java:32)
	at EdgeConnector.getEndPoint1(EdgeConnector.java:32)
	at EdgeConnector.getEndPoint1(EdgeConnector.java:32)
	at EdgeConnector.getEndPoint1(EdgeConnector.java:32)
	at EdgeConnector.getEndPoint1(EdgeConnector.java:32)
	at EdgeConnector.getEndPoint1(EdgeConnector.java:32)
	at EdgeConnector.getEndPoint1(EdgeConnector.java:32)
	at EdgeConnector.getEndPoint1(EdgeConnector.java:32)
	at EdgeConnector.getEndPoint1(EdgeConnector.java:32)
	at EdgeConnector.getEndPoint1(EdgeConnector.java:32)
	at EdgeConnector.getEndPoint1(EdgeConnector.java:32)
	at EdgeConnector.getEndPoint1(EdgeConnector.java:32)
	at EdgeConnector.getEndPoint1(EdgeConnector.java:32)
	at EdgeConnector.getEndPoint1(EdgeConnector.java:32)
	at EdgeConnector.getEndPoint1(EdgeConnector.java:32)
	at EdgeConnector.getEndPoint1(EdgeConnector.java:32)
	at EdgeConnector.getEndPoint1(EdgeConnector.java:32)
	at EdgeConnector.getEndPoint1(EdgeConnector.java:32)
	at EdgeConnector.getEndPoint1(EdgeConnector.java:32)
	at EdgeConnector.getEndPoint1(EdgeConnector.java:32)
	at EdgeConnector.getEndPoint1(EdgeConnector.java:32)
	at EdgeConnector.getEndPoint1(EdgeConnector.java:32)
	at EdgeConnector.getEndPoint1(EdgeConnector.java:32)
	at EdgeConnector.getEndPoint1(EdgeConnector.java:32)
	at EdgeConnector.getEndPoint1(EdgeConnector.java:32)
	at EdgeConnector.getEndPoint1(EdgeConnector.java:32)
	at EdgeConnector.getEndPoint1(EdgeConnector.java:32)
	at EdgeConnector.getEndPoint1(EdgeConnector.java:32)
	at EdgeConnector.getEndPoint1(EdgeConnector.java:32)
	at EdgeConnector.getEndPoint1(EdgeConnector.java:32)
	at EdgeConnector.getEndPoint1(EdgeConnector.java:32)
	at EdgeConnector.getEndPoint1(EdgeConnector.java:32)
	at EdgeConnector.getEndPoint1(EdgeConnector.java:32)
	at EdgeConnector.getEndPoint1(EdgeConnector.java:32)
	at EdgeConnector.getEndPoint1(EdgeConnector.java:32)
	at EdgeConnector.getEndPoint1(EdgeConnector.java:32)
	at EdgeConnector.getEndPoint1(EdgeConnector.java:32)
	at EdgeConnector.getEndPoint1(EdgeConnector.java:32)
	at EdgeConnector.getEndPoint1(EdgeConnector.java:32)
	at EdgeConnector.getEndPoint1(EdgeConnector.java:32)
	at EdgeConnector.getEndPoint1(EdgeConnector.java:32)
	at EdgeConnector.getEndPoint1(EdgeConnector.java:32)
	at EdgeConnector.getEndPoint1(EdgeConnector.java:32)
	at EdgeConnector.getEndPoint1(EdgeConnector.java:32)
	at EdgeConnector.getEndPoint1(EdgeConnector.java:32)
	at EdgeConnector.getEndPoint1(EdgeConnector.java:32)
	at EdgeConnector.getEndPoint1(EdgeConnector.java:32)
	at EdgeConnector.getEndPoint1(EdgeConnector.java:32)
	at EdgeConnector.getEndPoint1(EdgeConnector.java:32)
	at EdgeConnector.getEndPoint1(EdgeConnector.java:32)
	at EdgeConnector.getEndPoint1(EdgeConnector.java:32)
	at EdgeConnector.getEndPoint1(EdgeConnector.java:32)
	at EdgeConnector.getEndPoint1(EdgeConnector.java:32)
	at EdgeConnector.getEndPoint1(EdgeConnector.java:32)
	at EdgeConnector.getEndPoint1(EdgeConnector.java:32)
	at EdgeConnector.getEndPoint1(EdgeConnector.java:32)
	at EdgeConnector.getEndPoint1(EdgeConnector.java:32)
	at EdgeConnector.getEndPoint1(EdgeConnector.java:32)
	at EdgeConnector.getEndPoint1(EdgeConnector.java:32)
	at EdgeConnector.getEndPoint1(EdgeConnector.java:32)
	at EdgeConnector.getEndPoint1(EdgeConnector.java:32)
	at EdgeConnector.getEndPoint1(EdgeConnector.java:32)
	at EdgeConnector.getEndPoint1(EdgeConnector.java:32)
	at EdgeConnector.getEndPoint1(EdgeConnector.java:32)
	at EdgeConnector.getEndPoint1(EdgeConnector.java:32)
	at EdgeConnector.getEndPoint1(EdgeConnector.java:32)
	at EdgeConnector.getEndPoint1(EdgeConnector.java:32)
	at EdgeConnector.getEndPoint1(EdgeConnector.java:32)
	at EdgeConnector.getEndPoint1(EdgeConnector.java:32)
	at EdgeConnector.getEndPoint1(EdgeConnector.java:32)
	at EdgeConnector.getEndPoint1(EdgeConnector.java:32)
	at EdgeConnector.getEndPoint1(EdgeConnector.java:32)
	at EdgeConnector.getEndPoint1(EdgeConnector.java:32)
	at EdgeConnector.getEndPoint1(EdgeConnector.java:32)
	at EdgeConnector.getEndPoint1(EdgeConnector.java:32)
	at EdgeConnector.getEndPoint1(EdgeConnector.java:32)
	at EdgeConnector.getEndPoint1(EdgeConnector.java:32)
	at EdgeConnector.getEndPoint1(EdgeConnector.java:32)
	at EdgeConnector.getEndPoint1(EdgeConnector.java:32)
	at EdgeConnector.getEndPoint1(EdgeConnector.java:32)
	at EdgeConnector.getEndPoint1(EdgeConnector.java:32)
	at EdgeConnector.getEndPoint1(EdgeConnector.java:32)
	at EdgeConnector.getEndPoint1(EdgeConnector.java:32)
	at EdgeConnector.getEndPoint1(EdgeConnector.java:32)
	at EdgeConnector.getEndPoint1(EdgeConnector.java:32)
	at EdgeConnector.getEndPoint1(EdgeConnector.java:32)
	at EdgeConnector.getEndPoint1(EdgeConnector.java:32)
	at EdgeConnector.getEndPoint1(EdgeConnector.java:32)
	at EdgeConnector.getEndPoint1(EdgeConnector.java:32)
	at EdgeConnector.getEndPoint1(EdgeConnector.java:32)
	at EdgeConnector.getEndPoint1(EdgeConnector.java:32)
	at EdgeConnector.getEndPoint1(EdgeConnector.java:32)
	at EdgeConnector.getEndPoint1(EdgeConnector.java:32)
	at EdgeConnector.getEndPoint1(EdgeConnector.java:32)
	at EdgeConnector.getEndPoint1(EdgeConnector.java:32)
	at EdgeConnector.getEndPoint1(EdgeConnector.java:32)
	at EdgeConnector.getEndPoint1(EdgeConnector.java:32)
	at EdgeConnector.getEndPoint1(EdgeConnector.java:32)
	at EdgeConnector.getEndPoint1(EdgeConnector.java:32)
	at EdgeConnector.getEndPoint1(EdgeConnector.java:32)
	at EdgeConnector.getEndPoint1(EdgeConnector.java:32)
	at EdgeConnector.getEndPoint1(EdgeConnector.java:32)
	at EdgeConnector.getEndPoint1(EdgeConnector.java:32)
	at EdgeConnector.getEndPoint1(EdgeConnector.java:32)
	at EdgeConnector.getEndPoint1(EdgeConnector.java:32)
	at EdgeConnector.getEndPoint1(EdgeConnector.java:32)
	at EdgeConnector.getEndPoint1(EdgeConnector.java:32)
	at EdgeConnector.getEndPoint1(EdgeConnector.java:32)
	at EdgeConnector.getEndPoint1(EdgeConnector.java:32)
	at EdgeConnector.getEndPoint1(EdgeConnector.java:32)
	at EdgeConnector.getEndPoint1(EdgeConnector.java:32)
	at EdgeConnector.getEndPoint1(EdgeConnector.java:32)
	at EdgeConnector.getEndPoint1(EdgeConnector.java:32)
	at EdgeConnector.getEndPoint1(EdgeConnector.java:32)
	at EdgeConnector.getEndPoint1(EdgeConnector.java:32)
	at EdgeConnector.getEndPoint1(EdgeConnector.java:32)
	at EdgeConnector.getEndPoint1(EdgeConnector.java:32)
	at EdgeConnector.getEndPoint1(EdgeConnector.java:32)
	at EdgeConnector.getEndPoint1(EdgeConnector.java:32)
	at EdgeConnector.getEndPoint1(EdgeConnector.java:32)
	at EdgeConnector.getEndPoint1(EdgeConnector.java:32)
	at EdgeConnector.getEndPoint1(EdgeConnector.java:32)
	at EdgeConnector.getEndPoint1(EdgeConnector.java:32)
	at EdgeConnector.getEndPoint1(EdgeConnector.java:32)
	at EdgeConnector.getEndPoint1(EdgeConnector.java:32)
	at EdgeConnector.getEndPoint1(EdgeConnector.java:32)
	at EdgeConnector.getEndPoint1(EdgeConnector.java:32)
	at EdgeConnector.getEndPoint1(EdgeConnector.java:32)
	at EdgeConnector.getEndPoint1(EdgeConnector.java:32)
	at EdgeConnector.getEndPoint1(EdgeConnector.java:32)
	at EdgeConnector.getEndPoint1(EdgeConnector.java:32)
	at EdgeConnector.getEndPoint1(EdgeConnector.java:32)
	at EdgeConnector.getEndPoint1(EdgeConnector.java:32)
	at EdgeConnector.getEndPoint1(EdgeConnector.java:32)
	at EdgeConnector.getEndPoint1(EdgeConnector.java:32)
	at EdgeConnector.getEndPoint1(EdgeConnector.java:32)
	at EdgeConnector.getEndPoint1(EdgeConnector.java:32)
	at EdgeConnector.getEndPoint1(EdgeConnector.java:32)
	at EdgeConnector.getEndPoint1(EdgeConnector.java:32)
	at EdgeConnector.getEndPoint1(EdgeConnector.java:32)
	at EdgeConnector.getEndPoint1(EdgeConnector.java:32)
	at EdgeConnector.getEndPoint1(EdgeConnector.java:32)
	at EdgeConnector.getEndPoint1(EdgeConnector.java:32)
	at EdgeConnector.getEndPoint1(EdgeConnector.java:32)
	at EdgeConnector.getEndPoint1(EdgeConnector.java:32)
	at EdgeConnector.getEndPoint1(EdgeConnector.java:32)
	at EdgeConnector.getEndPoint1(EdgeConnector.java:32)
	at EdgeConnector.getEndPoint1(EdgeConnector.java:32)
	at EdgeConnector.getEndPoint1(EdgeConnector.java:32)
	at EdgeConnector.getEndPoint1(EdgeConnector.java:32)
	at EdgeConnector.getEndPoint1(EdgeConnector.java:32)
	at EdgeConnector.getEndPoint1(EdgeConnector.java:32)
	at EdgeConnector.getEndPoint1(EdgeConnector.java:32)
	at EdgeConnector.getEndPoint1(EdgeConnector.java:32)
	at EdgeConnector.getEndPoint1(EdgeConnector.java:32)
	at EdgeConnector.getEndPoint1(EdgeConnector.java:32)
	at EdgeConnector.getEndPoint1(EdgeConnector.java:32)
	at EdgeConnector.getEndPoint1(EdgeConnector.java:32)
	at EdgeConnector.getEndPoint1(EdgeConnector.java:32)
	at EdgeConnector.getEndPoint1(EdgeConnector.java:32)
	at EdgeConnector.getEndPoint1(EdgeConnector.java:32)
	at EdgeConnector.getEndPoint1(EdgeConnector.java:32)
	at EdgeConnector.getEndPoint1(EdgeConnector.java:32)
	at EdgeConnector.getEndPoint1(EdgeConnector.java:32)
	at EdgeConnector.getEndPoint1(EdgeConnector.java:32)
	at EdgeConnector.getEndPoint1(EdgeConnector.java:32)
	at EdgeConnector.getEndPoint1(EdgeConnector.java:32)
	at EdgeConnector.getEndPoint1(EdgeConnector.java:32)
	at EdgeConnector.getEndPoint1(EdgeConnector.java:32)
	at EdgeConnector.getEndPoint1(EdgeConnector.java:32)
	at EdgeConnector.getEndPoint1(EdgeConnector.java:32)
	at EdgeConnector.getEndPoint1(EdgeConnector.java:32)
	at EdgeConnector.getEndPoint1(EdgeConnector.java:32)
	at EdgeConnector.getEndPoint1(EdgeConnector.java:32)
	at EdgeConnector.getEndPoint1(EdgeConnector.java:32)
	at EdgeConnector.getEndPoint1(EdgeConnector.java:32)
	at EdgeConnector.getEndPoint1(EdgeConnector.java:32)
	at EdgeConnector.getEndPoint1(EdgeConnector.java:32)
	at EdgeConnector.getEndPoint1(EdgeConnector.java:32)
	at EdgeConnector.getEndPoint1(EdgeConnector.java:32)
	at EdgeConnector.getEndPoint1(EdgeConnector.java:32)
	at EdgeConnector.getEndPoint1(EdgeConnector.java:32)
	at EdgeConnector.getEndPoint1(EdgeConnector.java:32)
	at EdgeConnector.getEndPoint1(EdgeConnector.java:32)
	at EdgeConnector.getEndPoint1(EdgeConnector.java:32)
	at EdgeConnector.getEndPoint1(EdgeConnector.java:32)
	at EdgeConnector.getEndPoint1(EdgeConnector.java:32)
	at EdgeConnector.getEndPoint1(EdgeConnector.java:32)
	at EdgeConnector.getEndPoint1(EdgeConnector.java:32)
	at EdgeConnector.getEndPoint1(EdgeConnector.java:32)
	at EdgeConnector.getEndPoint1(EdgeConnector.java:32)
	at EdgeConnector.getEndPoint1(EdgeConnector.java:32)
	at EdgeConnector.getEndPoint1(EdgeConnector.java:32)
	at EdgeConnector.getEndPoint1(EdgeConnector.java:32)
	at EdgeConnector.getEndPoint1(EdgeConnector.java:32)
	at EdgeConnector.getEndPoint1(EdgeConnector.java:32)
	at EdgeConnector.getEndPoint1(EdgeConnector.java:32)
	at EdgeConnector.getEndPoint1(EdgeConnector.java:32)
	at EdgeConnector.getEndPoint1(EdgeConnector.java:32)
	at EdgeConnector.getEndPoint1(EdgeConnector.java:32)
	at EdgeConnector.getEndPoint1(EdgeConnector.java:32)
	at EdgeConnector.getEndPoint1(EdgeConnector.java:32)
	at EdgeConnector.getEndPoint1(EdgeConnector.java:32)
	at EdgeConnector.getEndPoint1(EdgeConnector.java:32)
	at EdgeConnector.getEndPoint1(EdgeConnector.java:32)
	at EdgeConnector.getEndPoint1(EdgeConnector.java:32)
	at EdgeConnector.getEndPoint1(EdgeConnector.java:32)
	at EdgeConnector.getEndPoint1(EdgeConnector.java:32)
	at EdgeConnector.getEndPoint1(EdgeConnector.java:32)
	at EdgeConnector.getEndPoint1(EdgeConnector.java:32)
	at EdgeConnector.getEndPoint1(EdgeConnector.java:32)
	at EdgeConnector.getEndPoint1(EdgeConnector.java:32)
	at EdgeConnector.getEndPoint1(EdgeConnector.java:32)
	at EdgeConnector.getEndPoint1(EdgeConnector.java:32)
	at EdgeConnector.getEndPoint1(EdgeConnector.java:32)
	at EdgeConnector.getEndPoint1(EdgeConnector.java:32)
	at EdgeConnector.getEndPoint1(EdgeConnector.java:32)
	at EdgeConnector.getEndPoint1(EdgeConnector.java:32)
	at EdgeConnector.getEndPoint1(EdgeConnector.java:32)
	at EdgeConnector.getEndPoint1(EdgeConnector.java:32)
	at EdgeConnector.getEndPoint1(EdgeConnector.java:32)
	at EdgeConnector.getEndPoint1(EdgeConnector.java:32)
	at EdgeConnector.getEndPoint1(EdgeConnector.java:32)
	at EdgeConnector.getEndPoint1(EdgeConnector.java:32)
	at EdgeConnector.getEndPoint1(EdgeConnector.java:32)
	at EdgeConnector.getEndPoint1(EdgeConnector.java:32)
	at EdgeConnector.getEndPoint1(EdgeConnector.java:32)
	at EdgeConnector.getEndPoint1(EdgeConnector.java:32)
	at EdgeConnector.getEndPoint1(EdgeConnector.java:32)
	at EdgeConnector.getEndPoint1(EdgeConnector.java:32)
	at EdgeConnector.getEndPoint1(EdgeConnector.java:32)
	at EdgeConnector.getEndPoint1(EdgeConnector.java:32)
	at EdgeConnector.getEndPoint1(EdgeConnector.java:32)
	at EdgeConnector.getEndPoint1(EdgeConnector.java:32)
	at EdgeConnector.getEndPoint1(EdgeConnector.java:32)
	at EdgeConnector.getEndPoint1(EdgeConnector.java:32)
	at EdgeConnector.getEndPoint1(EdgeConnector.java:32)
	at EdgeConnector.getEndPoint1(EdgeConnector.java:32)
	at EdgeConnector.getEndPoint1(EdgeConnector.java:32)
	at EdgeConnector.getEndPoint1(EdgeConnector.java:32)
	at EdgeConnector.getEndPoint1(EdgeConnector.java:32)
	at EdgeConnector.getEndPoint1(EdgeConnector.java:32)
	at EdgeConnector.getEndPoint1(EdgeConnector.java:32)
	at EdgeConnector.getEndPoint1(EdgeConnector.java:32)
	at EdgeConnector.getEndPoint1(EdgeConnector.java:32)
	at EdgeConnector.getEndPoint1(EdgeConnector.java:32)
	at EdgeConnector.getEndPoint1(EdgeConnector.java:32)
	at EdgeConnector.getEndPoint1(EdgeConnector.java:32)
	at EdgeConnector.getEndPoint1(EdgeConnector.java:32)
	at EdgeConnector.getEndPoint1(EdgeConnector.java:32)
	at EdgeConnector.getEndPoint1(EdgeConnector.java:32)
	at EdgeConnector.getEndPoint1(EdgeConnector.java:32)
	at EdgeConnector.getEndPoint1(EdgeConnector.java:32)
	at EdgeConnector.getEndPoint1(EdgeConnector.java:32)
	at EdgeConnector.getEndPoint1(EdgeConnector.java:32)
	at EdgeConnector.getEndPoint1(EdgeConnector.java:32)
	at EdgeConnector.getEndPoint1(EdgeConnector.java:32)
	at EdgeConnector.getEndPoint1(EdgeConnector.java:32)
	at EdgeConnector.getEndPoint1(EdgeConnector.java:32)
	at EdgeConnector.getEndPoint1(EdgeConnector.java:32)
	at EdgeConnector.getEndPoint1(EdgeConnector.java:32)
	at EdgeConnector.getEndPoint1(EdgeConnector.java:32)
	at EdgeConnector.getEndPoint1(EdgeConnector.java:32)
	at EdgeConnector.getEndPoint1(EdgeConnector.java:32)
	at EdgeConnector.getEndPoint1(EdgeConnector.java:32)
	at EdgeConnector.getEndPoint1(EdgeConnector.java:32)
	at EdgeConnector.getEndPoint1(EdgeConnector.java:32)
	at EdgeConnector.getEndPoint1(EdgeConnector.java:32)
	at EdgeConnector.getEndPoint1(EdgeConnector.java:32)
	at EdgeConnector.getEndPoint1(EdgeConnector.java:32)
	at EdgeConnector.getEndPoint1(EdgeConnector.java:32)
	at EdgeConnector.getEndPoint1(EdgeConnector.java:32)
	at EdgeConnector.getEndPoint1(EdgeConnector.java:32)
	at EdgeConnector.getEndPoint1(EdgeConnector.java:32)
	at EdgeConnector.getEndPoint1(EdgeConnector.java:32)
	at EdgeConnector.getEndPoint1(EdgeConnector.java:32)
	at EdgeConnector.getEndPoint1(EdgeConnector.java:32)
	at EdgeConnector.getEndPoint1(EdgeConnector.java:32)
	at EdgeConnector.getEndPoint1(EdgeConnector.java:32)
	at EdgeConnector.getEndPoint1(EdgeConnector.java:32)
	at EdgeConnector.getEndPoint1(EdgeConnector.java:32)
	at EdgeConnector.getEndPoint1(EdgeConnector.java:32)
	at EdgeConnector.getEndPoint1(EdgeConnector.java:32)
	at EdgeConnector.getEndPoint1(EdgeConnector.java:32)
	at EdgeConnector.getEndPoint1(EdgeConnector.java:32)
	at EdgeConnector.getEndPoint1(EdgeConnector.java:32)
	at EdgeConnector.getEndPoint1(EdgeConnector.java:32)
	at EdgeConnector.getEndPoint1(EdgeConnector.java:32)
	at EdgeConnector.getEndPoint1(EdgeConnector.java:32)
	at EdgeConnector.getEndPoint1(EdgeConnector.java:32)
	at EdgeConnector.getEndPoint1(EdgeConnector.java:32)
	at EdgeConnector.getEndPoint1(EdgeConnector.java:32)
	at EdgeConnector.getEndPoint1(EdgeConnector.java:32)
	at EdgeConnector.getEndPoint1(EdgeConnector.java:32)
	at EdgeConnector.getEndPoint1(EdgeConnector.java:32)
	at EdgeConnector.getEndPoint1(EdgeConnector.java:32)
	at EdgeConnector.getEndPoint1(EdgeConnector.java:32)
	at EdgeConnector.getEndPoint1(EdgeConnector.java:32)
	at EdgeConnector.getEndPoint1(EdgeConnector.java:32)
	at EdgeConnector.getEndPoint1(EdgeConnector.java:32)
	at EdgeConnector.getEndPoint1(EdgeConnector.java:32)
	at EdgeConnector.getEndPoint1(EdgeConnector.java:32)
	at EdgeConnector.getEndPoint1(EdgeConnector.java:32)
	at EdgeConnector.getEndPoint1(EdgeConnector.java:32)
	at EdgeConnector.getEndPoint1(EdgeConnector.java:32)
	at EdgeConnector.getEndPoint1(EdgeConnector.java:32)
	at EdgeConnector.getEndPoint1(EdgeConnector.java:32)
	at EdgeConnector.getEndPoint1(EdgeConnector.java:32)
	at EdgeConnector.getEndPoint1(EdgeConnector.java:32)
	at EdgeConnector.getEndPoint1(EdgeConnector.java:32)
	at EdgeConnector.getEndPoint1(EdgeConnector.java:32)
	at EdgeConnector.getEndPoint1(EdgeConnector.java:32)
	at EdgeConnector.getEndPoint1(EdgeConnector.java:32)
	at EdgeConnector.getEndPoint1(EdgeConnector.java:32)
	at EdgeConnector.getEndPoint1(EdgeConnector.java:32)
	at EdgeConnector.getEndPoint1(EdgeConnector.java:32)
	at EdgeConnector.getEndPoint1(EdgeConnector.java:32)
	at EdgeConnector.getEndPoint1(EdgeConnector.java:32)
	at EdgeConnector.getEndPoint1(EdgeConnector.java:32)
	at EdgeConnector.getEndPoint1(EdgeConnector.java:32)
	at EdgeConnector.getEndPoint1(EdgeConnector.java:32)
	at EdgeConnector.getEndPoint1(EdgeConnector.java:32)
	at EdgeConnector.getEndPoint1(EdgeConnector.java:32)
	at EdgeConnector.getEndPoint1(EdgeConnector.java:32)
	at EdgeConnector.getEndPoint1(EdgeConnector.java:32)
	at EdgeConnector.getEndPoint1(EdgeConnector.java:32)
	at EdgeConnector.getEndPoint1(EdgeConnector.java:32)
	at EdgeConnector.getEndPoint1(EdgeConnector.java:32)
	at EdgeConnector.getEndPoint1(EdgeConnector.java:32)
	at EdgeConnector.getEndPoint1(EdgeConnector.java:32)
	at EdgeConnector.getEndPoint1(EdgeConnector.java:32)
	at EdgeConnector.getEndPoint1(EdgeConnector.java:32)
	at EdgeConnector.getEndPoint1(EdgeConnector.java:32)
	at EdgeConnector.getEndPoint1(EdgeConnector.java:32)
	at EdgeConnector.getEndPoint1(EdgeConnector.java:32)
	at EdgeConnector.getEndPoint1(EdgeConnector.java:32)
	at EdgeConnector.getEndPoint1(EdgeConnector.java:32)
	at EdgeConnector.getEndPoint1(EdgeConnector.java:32)
	at EdgeConnector.getEndPoint1(EdgeConnector.java:32)
	at EdgeConnector.getEndPoint1(EdgeConnector.java:32)
	at EdgeConnector.getEndPoint1(EdgeConnector.java:32)
	at EdgeConnector.getEndPoint1(EdgeConnector.java:32)
	at EdgeConnector.getEndPoint1(EdgeConnector.java:32)
	at EdgeConnector.getEndPoint1(EdgeConnector.java:32)
	at EdgeConnector.getEndPoint1(EdgeConnector.java:32)
	at EdgeConnector.getEndPoint1(EdgeConnector.java:32)
	at EdgeConnector.getEndPoint1(EdgeConnector.java:32)
	at EdgeConnector.getEndPoint1(EdgeConnector.java:32)
	at EdgeConnector.getEndPoint1(EdgeConnector.java:32)
	at EdgeConnector.getEndPoint1(EdgeConnector.java:32)
	at EdgeConnector.getEndPoint1(EdgeConnector.java:32)
	at EdgeConnector.getEndPoint1(EdgeConnector.java:32)
	at EdgeConnector.getEndPoint1(EdgeConnector.java:32)
	at EdgeConnector.getEndPoint1(EdgeConnector.java:32)
	at EdgeConnector.getEndPoint1(EdgeConnector.java:32)
	at EdgeConnector.getEndPoint1(EdgeConnector.java:32)
	at EdgeConnector.getEndPoint1(EdgeConnector.java:32)
	at EdgeConnector.getEndPoint1(EdgeConnector.java:32)
	at EdgeConnector.getEndPoint1(EdgeConnector.java:32)
	at EdgeConnector.getEndPoint1(EdgeConnector.java:32)
	at EdgeConnector.getEndPoint1(EdgeConnector.java:32)
	at EdgeConnector.getEndPoint1(EdgeConnector.java:32)
	at EdgeConnector.getEndPoint1(EdgeConnector.java:32)
	at EdgeConnector.getEndPoint1(EdgeConnector.java:32)
	at EdgeConnector.getEndPoint1(EdgeConnector.java:32)
	at EdgeConnector.getEndPoint1(EdgeConnector.java:32)
	at EdgeConnector.getEndPoint1(EdgeConnector.java:32)
	at EdgeConnector.getEndPoint1(EdgeConnector.java:32)
	at EdgeConnector.getEndPoint1(EdgeConnector.java:32)
	at EdgeConnector.getEndPoint1(EdgeConnector.java:32)
	at EdgeConnector.getEndPoint1(EdgeConnector.java:32)
	at EdgeConnector.getEndPoint1(EdgeConnector.java:32)
	at EdgeConnector.getEndPoint1(EdgeConnector.java:32)
	at EdgeConnector.getEndPoint1(EdgeConnector.java:32)
	at EdgeConnector.getEndPoint1(EdgeConnector.java:32)
	at EdgeConnector.getEndPoint1(EdgeConnector.java:32)
	at EdgeConnector.getEndPoint1(EdgeConnector.java:32)
	at EdgeConnector.getEndPoint1(EdgeConnector.java:32)
	at EdgeConnector.getEndPoint1(EdgeConnector.java:32)
	at EdgeConnector.getEndPoint1(EdgeConnector.java:32)
	at EdgeConnector.getEndPoint1(EdgeConnector.java:32)
	at EdgeConnector.getEndPoint1(EdgeConnector.java:32)
	at EdgeConnector.getEndPoint1(EdgeConnector.java:32)
	at EdgeConnector.getEndPoint1(EdgeConnector.java:32)
	at EdgeConnector.getEndPoint1(EdgeConnector.java:32)
	at EdgeConnector.getEndPoint1(EdgeConnector.java:32)
	at EdgeConnector.getEndPoint1(EdgeConnector.java:32)
	at EdgeConnector.getEndPoint1(EdgeConnector.java:32)
	at EdgeConnector.getEndPoint1(EdgeConnector.java:32)
	at EdgeConnector.getEndPoint1(EdgeConnector.java:32)
	at EdgeConnector.getEndPoint1(EdgeConnector.java:32)
	at EdgeConnector.getEndPoint1(EdgeConnector.java:32)
	at EdgeConnector.getEndPoint1(EdgeConnector.java:32)
	at EdgeConnector.getEndPoint1(EdgeConnector.java:32)
	at EdgeConnector.getEndPoint1(EdgeConnector.java:32)
	at EdgeConnector.getEndPoint1(EdgeConnector.java:32)
	at EdgeConnector.getEndPoint1(EdgeConnector.java:32)
	at EdgeConnector.getEndPoint1(EdgeConnector.java:32)
	at EdgeConnector.getEndPoint1(EdgeConnector.java:32)
	at EdgeConnector.getEndPoint1(EdgeConnector.java:32)
	at EdgeConnector.getEndPoint1(EdgeConnector.java:32)
	at EdgeConnector.getEndPoint1(EdgeConnector.java:32)
	at EdgeConnector.getEndPoint1(EdgeConnector.java:32)
	at EdgeConnector.getEndPoint1(EdgeConnector.java:32)
	at EdgeConnector.getEndPoint1(EdgeConnector.java:32)
	at EdgeConnector.getEndPoint1(EdgeConnector.java:32)
	at EdgeConnector.getEndPoint1(EdgeConnector.java:32)
	at EdgeConnector.getEndPoint1(EdgeConnector.java:32)
	at EdgeConnector.getEndPoint1(EdgeConnector.java:32)
	at EdgeConnector.getEndPoint1(EdgeConnector.java:32)
	at EdgeConnector.getEndPoint1(EdgeConnector.java:32)
	at EdgeConnector.getEndPoint1(EdgeConnector.java:32)
	at EdgeConnector.getEndPoint1(EdgeConnector.java:32)
	at EdgeConnector.getEndPoint1(EdgeConnector.java:32)
	at EdgeConnector.getEndPoint1(EdgeConnector.java:32)
	at EdgeConnector.getEndPoint1(EdgeConnector.java:32)
	at EdgeConnector.getEndPoint1(EdgeConnector.java:32)
	at EdgeConnector.getEndPoint1(EdgeConnector.java:32)
	at EdgeConnector.getEndPoint1(EdgeConnector.java:32)
	at EdgeConnector.getEndPoint1(EdgeConnector.java:32)
	at EdgeConnector.getEndPoint1(EdgeConnector.java:32)
	at EdgeConnector.getEndPoint1(EdgeConnector.java:32)
	at EdgeConnector.getEndPoint1(EdgeConnector.java:32)
	at EdgeConnector.getEndPoint1(EdgeConnector.java:32)
	at EdgeConnector.getEndPoint1(EdgeConnector.java:32)
	at EdgeConnector.getEndPoint1(EdgeConnector.java:32)
	at EdgeConnector.getEndPoint1(EdgeConnector.java:32)
	at EdgeConnector.getEndPoint1(EdgeConnector.java:32)
	at EdgeConnector.getEndPoint1(EdgeConnector.java:32)
	at EdgeConnector.getEndPoint1(EdgeConnector.java:32)
	at EdgeConnector.getEndPoint1(EdgeConnector.java:32)
	at EdgeConnector.getEndPoint1(EdgeConnector.java:32)
	at EdgeConnector.getEndPoint1(EdgeConnector.java:32)
	at EdgeConnector.getEndPoint1(EdgeConnector.java:32)
	at EdgeConnector.getEndPoint1(EdgeConnector.java:32)
	at EdgeConnector.getEndPoint1(EdgeConnector.java:32)
	at EdgeConnector.getEndPoint1(EdgeConnector.java:32)
	at EdgeConnector.getEndPoint1(EdgeConnector.java:32)
	at EdgeConnector.getEndPoint1(EdgeConnector.java:32)
	at EdgeConnector.getEndPoint1(EdgeConnector.java:32)
	at EdgeConnector.getEndPoint1(EdgeConnector.java:32)
	at EdgeConnector.getEndPoint1(EdgeConnector.java:32)
	at EdgeConnector.getEndPoint1(EdgeConnector.java:32)
	at EdgeConnector.getEndPoint1(EdgeConnector.java:32)
	at EdgeConnector.getEndPoint1(EdgeConnector.java:32)
	at EdgeConnector.getEndPoint1(EdgeConnector.java:32)
	at EdgeConnector.getEndPoint1(EdgeConnector.java:32)
	at EdgeConnector.getEndPoint1(EdgeConnector.java:32)
	at EdgeConnector.getEndPoint1(EdgeConnector.java:32)
	at EdgeConnector.getEndPoint1(EdgeConnector.java:32)
	at EdgeConnector.getEndPoint1(EdgeConnector.java:32)
	at EdgeConnector.getEndPoint1(EdgeConnector.java:32)
	at EdgeConnector.getEndPoint1(EdgeConnector.java:32)
	at EdgeConnector.getEndPoint1(EdgeConnector.java:32)
	at EdgeConnector.getEndPoint1(EdgeConnector.java:32)
	at EdgeConnector.getEndPoint1(EdgeConnector.java:32)
	at EdgeConnector.getEndPoint1(EdgeConnector.java:32)
	at EdgeConnector.getEndPoint1(EdgeConnector.java:32)
	at EdgeConnector.getEndPoint1(EdgeConnector.java:32)
	at EdgeConnector.getEndPoint1(EdgeConnector.java:32)
	at EdgeConnector.getEndPoint1(EdgeConnector.java:32)
	at EdgeConnector.getEndPoint1(EdgeConnector.java:32)
	at EdgeConnector.getEndPoint1(EdgeConnector.java:32)
	at EdgeConnector.getEndPoint1(EdgeConnector.java:32)
	at EdgeConnector.getEndPoint1(EdgeConnector.java:32)
	at EdgeConnector.getEndPoint1(EdgeConnector.java:32)
	at EdgeConnector.getEndPoint1(EdgeConnector.java:32)
	at EdgeConnector.getEndPoint1(EdgeConnector.java:32)
	at EdgeConnector.getEndPoint1(EdgeConnector.java:32)
	at EdgeConnector.getEndPoint1(EdgeConnector.java:32)
	at EdgeConnector.getEndPoint1(EdgeConnector.java:32)
	at EdgeConnector.getEndPoint1(EdgeConnector.java:32)
	at EdgeConnector.getEndPoint1(EdgeConnector.java:32)
	at EdgeConnector.getEndPoint1(EdgeConnector.java:32)
	at EdgeConnector.getEndPoint1(EdgeConnector.java:32)
	at EdgeConnector.getEndPoint1(EdgeConnector.java:32)
	at EdgeConnector.getEndPoint1(EdgeConnector.java:32)
	at EdgeConnector.getEndPoint1(EdgeConnector.java:32)
	at EdgeConnector.getEndPoint1(EdgeConnector.java:32)
	at EdgeConnector.getEndPoint1(EdgeConnector.java:32)
	at EdgeConnector.getEndPoint1(EdgeConnector.java:32)
	at EdgeConnector.getEndPoint1(EdgeConnector.java:32)
	at EdgeConnector.getEndPoint1(EdgeConnector.java:32)
	at EdgeConnector.getEndPoint1(EdgeConnector.java:32)
	at EdgeConnector.getEndPoint1(EdgeConnector.java:32)
	at EdgeConnector.getEndPoint1(EdgeConnector.java:32)
	at EdgeConnector.getEndPoint1(EdgeConnector.java:32)
	at EdgeConnector.getEndPoint1(EdgeConnector.java:32)
	at EdgeConnector.getEndPoint1(EdgeConnector.java:32)
	at EdgeConnector.getEndPoint1(EdgeConnector.java:32)
	at EdgeConnector.getEndPoint1(EdgeConnector.java:32)
	at EdgeConnector.getEndPoint1(EdgeConnector.java:32)
	at EdgeConnector.getEndPoint1(EdgeConnector.java:32)
	at EdgeConnector.getEndPoint1(EdgeConnector.java:32)
	at EdgeConnector.getEndPoint1(EdgeConnector.java:32)
	at EdgeConnector.getEndPoint1(EdgeConnector.java:32)
	at EdgeConnector.getEndPoint1(EdgeConnector.java:32)
	at EdgeConnector.getEndPoint1(EdgeConnector.java:32)
	at EdgeConnector.getEndPoint1(EdgeConnector.java:32)
	at EdgeConnector.getEndPoint1(EdgeConnector.java:32)
	at EdgeConnector.getEndPoint1(EdgeConnector.java:32)
	at EdgeConnector.getEndPoint1(EdgeConnector.java:32)
	at EdgeConnector.getEndPoint1(EdgeConnector.java:32)
	at EdgeConnector.getEndPoint1(EdgeConnector.java:32)
	at EdgeConnector.getEndPoint1(EdgeConnector.java:32)
	at EdgeConnector.getEndPoint1(EdgeConnector.java:32)
	at EdgeConnector.getEndPoint1(EdgeConnector.java:32)
	at EdgeConnector.getEndPoint1(EdgeConnector.java:32)
	at EdgeConnector.getEndPoint1(EdgeConnector.java:32)
	at EdgeConnector.getEndPoint1(EdgeConnector.java:32)
	at EdgeConnector.getEndPoint1(EdgeConnector.java:32)
	at EdgeConnector.getEndPoint1(EdgeConnector.java:32)
	at EdgeConnector.getEndPoint1(EdgeConnector.java:32)
	at EdgeConnector.getEndPoint1(EdgeConnector.java:32)
	at EdgeConnector.getEndPoint1(EdgeConnector.java:32)
	at EdgeConnector.getEndPoint1(EdgeConnector.java:32)
	at EdgeConnector.getEndPoint1(EdgeConnector.java:32)
	at EdgeConnector.getEndPoint1(EdgeConnector.java:32)
	at EdgeConnector.getEndPoint1(EdgeConnector.java:32)
	at EdgeConnector.getEndPoint1(EdgeConnector.java:32)
	at EdgeConnector.getEndPoint1(EdgeConnector.java:32)
	at EdgeConnector.getEndPoint1(EdgeConnector.java:32)
	at EdgeConnector.getEndPoint1(EdgeConnector.java:32)
	at EdgeConnector.getEndPoint1(EdgeConnector.java:32)
	at EdgeConnector.getEndPoint1(EdgeConnector.java:32)
	at EdgeConnector.getEndPoint1(EdgeConnector.java:32)
	at EdgeConnector.getEndPoint1(EdgeConnector.java:32)
	at EdgeConnector.getEndPoint1(EdgeConnector.java:32)
	at EdgeConnector.getEndPoint1(EdgeConnector.java:32)
	at EdgeConnector.getEndPoint1(EdgeConnector.java:32)
	at EdgeConnector.getEndPoint1(EdgeConnector.java:32)
	at EdgeConnector.getEndPoint1(EdgeConnector.java:32)
	at EdgeConnector.getEndPoint1(EdgeConnector.java:32)
	at EdgeConnector.getEndPoint1(EdgeConnector.java:32)
	at EdgeConnector.getEndPoint1(EdgeConnector.java:32)
	at EdgeConnector.getEndPoint1(EdgeConnector.java:32)
	at EdgeConnector.getEndPoint1(EdgeConnector.java:32)
	at EdgeConnector.getEndPoint1(EdgeConnector.java:32)
	at EdgeConnector.getEndPoint1(EdgeConnector.java:32)
	at EdgeConnector.getEndPoint1(EdgeConnector.java:32)
	at EdgeConnector.getEndPoint1(EdgeConnector.java:32)
	at EdgeConnector.getEndPoint1(EdgeConnector.java:32)
	at EdgeConnector.getEndPoint1(EdgeConnector.java:32)
	at EdgeConnector.getEndPoint1(EdgeConnector.java:32)
	at EdgeConnector.getEndPoint1(EdgeConnector.java:32)
	at EdgeConnector.getEndPoint1(EdgeConnector.java:32)
	at EdgeConnector.getEndPoint1(EdgeConnector.java:32)
	at EdgeConnector.getEndPoint1(EdgeConnector.java:32)
	at EdgeConnector.getEndPoint1(EdgeConnector.java:32)
	at EdgeConnector.getEndPoint1(EdgeConnector.java:32)
	at EdgeConnector.getEndPoint1(EdgeConnector.java:32)
	at EdgeConnector.getEndPoint1(EdgeConnector.java:32)
	at EdgeConnector.getEndPoint1(EdgeConnector.java:32)
	at EdgeConnector.getEndPoint1(EdgeConnector.java:32)
	at EdgeConnector.getEndPoint1(EdgeConnector.java:32)
	at EdgeConnector.getEndPoint1(EdgeConnector.java:32)
	at EdgeConnector.getEndPoint1(EdgeConnector.java:32)
	at EdgeConnector.getEndPoint1(EdgeConnector.java:32)
	at EdgeConnector.getEndPoint1(EdgeConnector.java:32)
	at EdgeConnector.getEndPoint1(EdgeConnector.java:32)
	at EdgeConnector.getEndPoint1(EdgeConnector.java:32)
	at EdgeConnector.getEndPoint1(EdgeConnector.java:32)
	at EdgeConnector.getEndPoint1(EdgeConnector.java:32)
	at EdgeConnector.getEndPoint1(EdgeConnector.java:32)
	at EdgeConnector.getEndPoint1(EdgeConnector.java:32)
	at EdgeConnector.getEndPoint1(EdgeConnector.java:32)
	at EdgeConnector.getEndPoint1(EdgeConnector.java:32)
	at EdgeConnector.getEndPoint1(EdgeConnector.java:32)
	at EdgeConnector.getEndPoint1(EdgeConnector.java:32)
	at EdgeConnector.getEndPoint1(EdgeConnector.java:32)
	at EdgeConnector.getEndPoint1(EdgeConnector.java:32)
	at EdgeConnector.getEndPoint1(EdgeConnector.java:32)
	at EdgeConnector.getEndPoint1(EdgeConnector.java:32)
	at EdgeConnector.getEndPoint1(EdgeConnector.java:32)
	at EdgeConnector.getEndPoint1(EdgeConnector.java:32)
	at EdgeConnector.getEndPoint1(EdgeConnector.java:32)
	at EdgeConnector.getEndPoint1(EdgeConnector.java:32)
	at EdgeConnector.getEndPoint1(EdgeConnector.java:32)
	at EdgeConnector.getEndPoint1(EdgeConnector.java:32)
	at EdgeConnector.getEndPoint1(EdgeConnector.java:32)
	at EdgeConnector.getEndPoint1(EdgeConnector.java:32)
	at EdgeConnector.getEndPoint1(EdgeConnector.java:32)
	at EdgeConnector.getEndPoint1(EdgeConnector.java:32)
	at EdgeConnector.getEndPoint1(EdgeConnector.java:32)
	at EdgeConnector.getEndPoint1(EdgeConnector.java:32)
	at EdgeConnector.getEndPoint1(EdgeConnector.java:32)
	at EdgeConnector.getEndPoint1(EdgeConnector.java:32)
	at EdgeConnector.getEndPoint1(EdgeConnector.java:32)
	at EdgeConnector.getEndPoint1(EdgeConnector.java:32)
	at EdgeConnector.getEndPoint1(EdgeConnector.java:32)
	at EdgeConnector.getEndPoint1(EdgeConnector.java:32)
	at EdgeConnector.getEndPoint1(EdgeConnector.java:32)
	at EdgeConnector.getEndPoint1(EdgeConnector.java:32)
	at EdgeConnector.getEndPoint1(EdgeConnector.java:32)
	at EdgeConnector.getEndPoint1(EdgeConnector.java:32)
	at EdgeConnector.getEndPoint1(EdgeConnector.java:32)
	at EdgeConnector.getEndPoint1(EdgeConnector.java:32)
	at EdgeConnector.getEndPoint1(EdgeConnector.java:32)
	at EdgeConnector.getEndPoint1(EdgeConnector.java:32)
	at EdgeConnector.getEndPoint1(EdgeConnector.java:32)
	at EdgeConnector.getEndPoint1(EdgeConnector.java:32)
	at EdgeConnector.getEndPoint1(EdgeConnector.java:32)
	at EdgeConnector.getEndPoint1(EdgeConnector.java:32)
	at EdgeConnector.getEndPoint1(EdgeConnector.java:32)
	at EdgeConnector.getEndPoint1(EdgeConnector.java:32)
	at EdgeConnector.getEndPoint1(EdgeConnector.java:32)
	at EdgeConnector.getEndPoint1(EdgeConnector.java:32)
	at EdgeConnector.getEndPoint1(EdgeConnector.java:32)
	at EdgeConnector.getEndPoint1(EdgeConnector.java:32)
	at EdgeConnector.getEndPoint1(EdgeConnector.java:32)
	at EdgeConnector.getEndPoint1(EdgeConnector.java:32)
	at EdgeConnector.getEndPoint1(EdgeConnector.java:32)
	at EdgeConnector.getEndPoint1(EdgeConnector.java:32)
	at EdgeConnector.getEndPoint1(EdgeConnector.java:32)
	at EdgeConnector.getEndPoint1(EdgeConnector.java:32)
	at EdgeConnector.getEndPoint1(EdgeConnector.java:32)
	at EdgeConnector.getEndPoint1(EdgeConnector.java:32)
	at EdgeConnector.getEndPoint1(EdgeConnector.java:32)
	at EdgeConnector.getEndPoint1(EdgeConnector.java:32)
	at EdgeConnector.getEndPoint1(EdgeConnector.java:32)
	at EdgeConnector.getEndPoint1(EdgeConnector.java:32)
	at EdgeConnector.getEndPoint1(EdgeConnector.java:32)
	at EdgeConnector.getEndPoint1(EdgeConnector.java:32)
	at EdgeConnector.getEndPoint1(EdgeConnector.java:32)
	at EdgeConnector.getEndPoint1(EdgeConnector.java:32)
	at EdgeConnector.getEndPoint1(EdgeConnector.java:32)
	at EdgeConnector.getEndPoint1(EdgeConnector.java:32)
	at EdgeConnector.getEndPoint1(EdgeConnector.java:32)
	at EdgeConnector.getEndPoint1(EdgeConnector.java:32)
	at EdgeConnector.getEndPoint1(EdgeConnector.java:32)
	at EdgeConnector.getEndPoint1(EdgeConnector.java:32)
	at EdgeConnector.getEndPoint1(EdgeConnector.java:32)
	at EdgeConnector.getEndPoint1(EdgeConnector.java:32)
	at EdgeConnector.getEndPoint1(EdgeConnector.java:32)
	at EdgeConnector.getEndPoint1(EdgeConnector.java:32)
	at EdgeConnector.getEndPoint1(EdgeConnector.java:32)
	at EdgeConnector.getEndPoint1(EdgeConnector.java:32)
	at EdgeConnector.getEndPoint1(EdgeConnector.java:32)
	at EdgeConnector.getEndPoint1(EdgeConnector.java:32)
	at EdgeConnector.getEndPoint1(EdgeConnector.java:32)
	at EdgeConnector.getEndPoint1(EdgeConnector.java:32)
	at EdgeConnector.getEndPoint1(EdgeConnector.java:32)
	at EdgeConnector.getEndPoint1(EdgeConnector.java:32)
	at EdgeConnector.getEndPoint1(EdgeConnector.java:32)
	at EdgeConnector.getEndPoint1(EdgeConnector.java:32)
	at EdgeConnector.getEndPoint1(EdgeConnector.java:32)
	at EdgeConnector.getEndPoint1(EdgeConnector.java:32)
	at EdgeConnector.getEndPoint1(EdgeConnector.java:32)
	at EdgeConnector.getEndPoint1(EdgeConnector.java:32)
	at EdgeConnector.getEndPoint1(EdgeConnector.java:32)
	at EdgeConnector.getEndPoint1(EdgeConnector.java:32)
	at EdgeConnector.getEndPoint1(EdgeConnector.java:32)
	at EdgeConnector.getEndPoint1(EdgeConnector.java:32)
	at EdgeConnector.getEndPoint1(EdgeConnector.java:32)
	at EdgeConnector.getEndPoint1(EdgeConnector.java:32)
	at EdgeConnector.getEndPoint1(EdgeConnector.java:32)
	at EdgeConnector.getEndPoint1(EdgeConnector.java:32)
	at EdgeConnector.getEndPoint1(EdgeConnector.java:32)
	at EdgeConnector.getEndPoint1(EdgeConnector.java:32)
	at EdgeConnector.getEndPoint1(EdgeConnector.java:32)
	at EdgeConnector.getEndPoint1(EdgeConnector.java:32)
	at EdgeConnector.getEndPoint1(EdgeConnector.java:32)
	at EdgeConnector.getEndPoint1(EdgeConnector.java:32)
	at EdgeConnector.getEndPoint1(EdgeConnector.java:32)
	at EdgeConnector.getEndPoint1(EdgeConnector.java:32)
	at EdgeConnector.getEndPoint1(EdgeConnector.java:32)
	at EdgeConnector.getEndPoint1(EdgeConnector.java:32)
	at EdgeConnector.getEndPoint1(EdgeConnector.java:32)
	at EdgeConnector.getEndPoint1(EdgeConnector.java:32)
	at EdgeConnector.getEndPoint1(EdgeConnector.java:32)
	at EdgeConnector.getEndPoint1(EdgeConnector.java:32)
	at EdgeConnector.getEndPoint1(EdgeConnector.java:32)
	at EdgeConnector.getEndPoint1(EdgeConnector.java:32)
	at EdgeConnector.getEndPoint1(EdgeConnector.java:32)
	at EdgeConnector.getEndPoint1(EdgeConnector.java:32)
	at EdgeConnector.getEndPoint1(EdgeConnector.java:32)
	at EdgeConnector.getEndPoint1(EdgeConnector.java:32)
	at EdgeConnector.getEndPoint1(EdgeConnector.java:32)
	at EdgeConnector.getEndPoint1(EdgeConnector.java:32)
	at EdgeConnector.getEndPoint1(EdgeConnector.java:32)
	at EdgeConnector.getEndPoint1(EdgeConnector.java:32)
	at EdgeConnector.getEndPoint1(EdgeConnector.java:32)
	at EdgeConnector.getEndPoint1(EdgeConnector.java:32)
	at EdgeConnector.getEndPoint1(EdgeConnector.java:32)
	at EdgeConnector.getEndPoint1(EdgeConnector.java:32)
	at EdgeConnector.getEndPoint1(EdgeConnector.java:32)
	at EdgeConnector.getEndPoint1(EdgeConnector.java:32)
	at EdgeConnector.getEndPoint1(EdgeConnector.java:32)
	at EdgeConnector.getEndPoint1(EdgeConnector.java:32)
	at EdgeConnector.getEndPoint1(EdgeConnector.java:32)
	at EdgeConnector.getEndPoint1(EdgeConnector.java:32)
	at EdgeConnector.getEndPoint1(EdgeConnector.java:32)
	at EdgeConnector.getEndPoint1(EdgeConnector.java:32)
	at EdgeConnector.getEndPoint1(EdgeConnector.java:32)
	at EdgeConnector.getEndPoint1(EdgeConnector.java:32)
	at EdgeConnector.getEndPoint1(EdgeConnector.java:32)
	at EdgeConnector.getEndPoint1(EdgeConnector.java:32)
	at EdgeConnector.getEndPoint1(EdgeConnector.java:32)
	at EdgeConnector.getEndPoint1(EdgeConnector.java:32)
	at EdgeConnector.getEndPoint1(EdgeConnector.java:32)
	at EdgeConnector.getEndPoint1(EdgeConnector.java:32)
	at EdgeConnector.getEndPoint1(EdgeConnector.java:32)
	at EdgeConnector.getEndPoint1(EdgeConnector.java:32)
	at EdgeConnector.getEndPoint1(EdgeConnector.java:32)
	at EdgeConnector.getEndPoint1(EdgeConnector.java:32)
	at EdgeConnector.getEndPoint1(EdgeConnector.java:32)
	at EdgeConnector.getEndPoint1(EdgeConnector.java:32)
	at EdgeConnector.getEndPoint1(EdgeConnector.java:32)
	at EdgeConnector.getEndPoint1(EdgeConnector.java:32)
	at EdgeConnector.getEndPoint1(EdgeConnector.java:32)
	at EdgeConnector.getEndPoint1(EdgeConnector.java:32)
	at EdgeConnector.getEndPoint1(EdgeConnector.java:32)
	at EdgeConnector.getEndPoint1(EdgeConnector.java:32)
	at EdgeConnector.getEndPoint1(EdgeConnector.java:32)
	at EdgeConnector.getEndPoint1(EdgeConnector.java:32)
	at EdgeConnector.getEndPoint1(EdgeConnector.java:32)
	at EdgeConnector.getEndPoint1(EdgeConnector.java:32)
	at EdgeConnector.getEndPoint1(EdgeConnector.java:32)
	at EdgeConnector.getEndPoint1(EdgeConnector.java:32)
	at EdgeConnector.getEndPoint1(EdgeConnector.java:32)
	at EdgeConnector.getEndPoint1(EdgeConnector.java:32)
	at EdgeConnector.getEndPoint1(EdgeConnector.java:32)
	at EdgeConnector.getEndPoint1(EdgeConnector.java:32)
	at EdgeConnector.getEndPoint1(EdgeConnector.java:32)
	at EdgeConnector.getEndPoint1(EdgeConnector.java:32)
	at EdgeConnector.getEndPoint1(EdgeConnector.java:32)
	at EdgeConnector.getEndPoint1(EdgeConnector.java:32)
	at EdgeConnector.getEndPoint1(EdgeConnector.java:32)
	at EdgeConnector.getEndPoint1(EdgeConnector.java:32)
	at EdgeConnector.getEndPoint1(EdgeConnector.java:32)
	at EdgeConnector.getEndPoint1(EdgeConnector.java:32)
	at EdgeConnector.getEndPoint1(EdgeConnector.java:32)
	at EdgeConnector.getEndPoint1(EdgeConnector.java:32)
	at EdgeConnector.getEndPoint1(EdgeConnector.java:32)
	at EdgeConnector.getEndPoint1(EdgeConnector.java:32)
	at EdgeConnector.getEndPoint1(EdgeConnector.java:32)
	at EdgeConnector.getEndPoint1(EdgeConnector.java:32)
	at EdgeConnector.getEndPoint1(EdgeConnector.java:32)
	at EdgeConnector.getEndPoint1(EdgeConnector.java:32)
	at EdgeConnector.getEndPoint1(EdgeConnector.java:32)
	at EdgeConnector.getEndPoint1(EdgeConnector.java:32)
	at EdgeConnector.getEndPoint1(EdgeConnector.java:32)
	at EdgeConnector.getEndPoint1(EdgeConnector.java:32)
	at EdgeConnector.getEndPoint1(EdgeConnector.java:32)
	at EdgeConnector.getEndPoint1(EdgeConnector.java:32)
	at EdgeConnector.getEndPoint1(EdgeConnector.java:32)
	at EdgeConnector.getEndPoint1(EdgeConnector.java:32)
	at EdgeConnector.getEndPoint1(EdgeConnector.java:32)
	at EdgeConnector.getEndPoint1(EdgeConnector.java:32)
	at EdgeConnector.getEndPoint1(EdgeConnector.java:32)
	at EdgeConnector.getEndPoint1(EdgeConnector.java:32)
	at EdgeConnector.getEndPoint1(EdgeConnector.java:32)
	at EdgeConnector.getEndPoint1(EdgeConnector.java:32)
	at EdgeConnector.getEndPoint1(EdgeConnector.java:32)
	at EdgeConnector.getEndPoint1(EdgeConnector.java:32)
	at EdgeConnector.getEndPoint1(EdgeConnector.java:32)
	at EdgeConnector.getEndPoint1(EdgeConnector.java:32)
	at EdgeConnector.getEndPoint1(EdgeConnector.java:32)
	at EdgeConnector.getEndPoint1(EdgeConnector.java:32)
	at EdgeConnector.getEndPoint1(EdgeConnector.java:32)
	at EdgeConnector.getEndPoint1(EdgeConnector.java:32)
	at EdgeConnector.getEndPoint1(EdgeConnector.java:32)
	at EdgeConnector.getEndPoint1(EdgeConnector.java:32)
	at EdgeConnector.getEndPoint1(EdgeConnector.java:32)
	at EdgeConnector.getEndPoint1(EdgeConnector.java:32)
	at EdgeConnector.getEndPoint1(EdgeConnector.java:32)
	at EdgeConnector.getEndPoint1(EdgeConnector.java:32)
	at EdgeConnector.getEndPoint1(EdgeConnector.java:32)
	at EdgeConnector.getEndPoint1(EdgeConnector.java:32)
	at EdgeConnector.getEndPoint1(EdgeConnector.java:32)
	at EdgeConnector.getEndPoint1(EdgeConnector.java:32)
	at EdgeConnector.getEndPoint1(EdgeConnector.java:32)
	at EdgeConnector.getEndPoint1(EdgeConnector.java:32)
</failure>
  </testcase>
  <testcase name="testGetEndPoint2" classname="EdgeConnectorTest" time="0.004">
    <failure message="java.lang.StackOverflowError" type="java.lang.StackOverflowError">java.lang.StackOverflowError
	at EdgeConnector.getEndPoint2(EdgeConnector.java:37)
	at EdgeConnector.getEndPoint2(EdgeConnector.java:37)
	at EdgeConnector.getEndPoint2(EdgeConnector.java:37)
	at EdgeConnector.getEndPoint2(EdgeConnector.java:37)
	at EdgeConnector.getEndPoint2(EdgeConnector.java:37)
	at EdgeConnector.getEndPoint2(EdgeConnector.java:37)
	at EdgeConnector.getEndPoint2(EdgeConnector.java:37)
	at EdgeConnector.getEndPoint2(EdgeConnector.java:37)
	at EdgeConnector.getEndPoint2(EdgeConnector.java:37)
	at EdgeConnector.getEndPoint2(EdgeConnector.java:37)
	at EdgeConnector.getEndPoint2(EdgeConnector.java:37)
	at EdgeConnector.getEndPoint2(EdgeConnector.java:37)
	at EdgeConnector.getEndPoint2(EdgeConnector.java:37)
	at EdgeConnector.getEndPoint2(EdgeConnector.java:37)
	at EdgeConnector.getEndPoint2(EdgeConnector.java:37)
	at EdgeConnector.getEndPoint2(EdgeConnector.java:37)
	at EdgeConnector.getEndPoint2(EdgeConnector.java:37)
	at EdgeConnector.getEndPoint2(EdgeConnector.java:37)
	at EdgeConnector.getEndPoint2(EdgeConnector.java:37)
	at EdgeConnector.getEndPoint2(EdgeConnector.java:37)
	at EdgeConnector.getEndPoint2(EdgeConnector.java:37)
	at EdgeConnector.getEndPoint2(EdgeConnector.java:37)
	at EdgeConnector.getEndPoint2(EdgeConnector.java:37)
	at EdgeConnector.getEndPoint2(EdgeConnector.java:37)
	at EdgeConnector.getEndPoint2(EdgeConnector.java:37)
	at EdgeConnector.getEndPoint2(EdgeConnector.java:37)
	at EdgeConnector.getEndPoint2(EdgeConnector.java:37)
	at EdgeConnector.getEndPoint2(EdgeConnector.java:37)
	at EdgeConnector.getEndPoint2(EdgeConnector.java:37)
	at EdgeConnector.getEndPoint2(EdgeConnector.java:37)
	at EdgeConnector.getEndPoint2(EdgeConnector.java:37)
	at EdgeConnector.getEndPoint2(EdgeConnector.java:37)
	at EdgeConnector.getEndPoint2(EdgeConnector.java:37)
	at EdgeConnector.getEndPoint2(EdgeConnector.java:37)
	at EdgeConnector.getEndPoint2(EdgeConnector.java:37)
	at EdgeConnector.getEndPoint2(EdgeConnector.java:37)
	at EdgeConnector.getEndPoint2(EdgeConnector.java:37)
	at EdgeConnector.getEndPoint2(EdgeConnector.java:37)
	at EdgeConnector.getEndPoint2(EdgeConnector.java:37)
	at EdgeConnector.getEndPoint2(EdgeConnector.java:37)
	at EdgeConnector.getEndPoint2(EdgeConnector.java:37)
	at EdgeConnector.getEndPoint2(EdgeConnector.java:37)
	at EdgeConnector.getEndPoint2(EdgeConnector.java:37)
	at EdgeConnector.getEndPoint2(EdgeConnector.java:37)
	at EdgeConnector.getEndPoint2(EdgeConnector.java:37)
	at EdgeConnector.getEndPoint2(EdgeConnector.java:37)
	at EdgeConnector.getEndPoint2(EdgeConnector.java:37)
	at EdgeConnector.getEndPoint2(EdgeConnector.java:37)
	at EdgeConnector.getEndPoint2(EdgeConnector.java:37)
	at EdgeConnector.getEndPoint2(EdgeConnector.java:37)
	at EdgeConnector.getEndPoint2(EdgeConnector.java:37)
	at EdgeConnector.getEndPoint2(EdgeConnector.java:37)
	at EdgeConnector.getEndPoint2(EdgeConnector.java:37)
	at EdgeConnector.getEndPoint2(EdgeConnector.java:37)
	at EdgeConnector.getEndPoint2(EdgeConnector.java:37)
	at EdgeConnector.getEndPoint2(EdgeConnector.java:37)
	at EdgeConnector.getEndPoint2(EdgeConnector.java:37)
	at EdgeConnector.getEndPoint2(EdgeConnector.java:37)
	at EdgeConnector.getEndPoint2(EdgeConnector.java:37)
	at EdgeConnector.getEndPoint2(EdgeConnector.java:37)
	at EdgeConnector.getEndPoint2(EdgeConnector.java:37)
	at EdgeConnector.getEndPoint2(EdgeConnector.java:37)
	at EdgeConnector.getEndPoint2(EdgeConnector.java:37)
	at EdgeConnector.getEndPoint2(EdgeConnector.java:37)
	at EdgeConnector.getEndPoint2(EdgeConnector.java:37)
	at EdgeConnector.getEndPoint2(EdgeConnector.java:37)
	at EdgeConnector.getEndPoint2(EdgeConnector.java:37)
	at EdgeConnector.getEndPoint2(EdgeConnector.java:37)
	at EdgeConnector.getEndPoint2(EdgeConnector.java:37)
	at EdgeConnector.getEndPoint2(EdgeConnector.java:37)
	at EdgeConnector.getEndPoint2(EdgeConnector.java:37)
	at EdgeConnector.getEndPoint2(EdgeConnector.java:37)
	at EdgeConnector.getEndPoint2(EdgeConnector.java:37)
	at EdgeConnector.getEndPoint2(EdgeConnector.java:37)
	at EdgeConnector.getEndPoint2(EdgeConnector.java:37)
	at EdgeConnector.getEndPoint2(EdgeConnector.java:37)
	at EdgeConnector.getEndPoint2(EdgeConnector.java:37)
	at EdgeConnector.getEndPoint2(EdgeConnector.java:37)
	at EdgeConnector.getEndPoint2(EdgeConnector.java:37)
	at EdgeConnector.getEndPoint2(EdgeConnector.java:37)
	at EdgeConnector.getEndPoint2(EdgeConnector.java:37)
	at EdgeConnector.getEndPoint2(EdgeConnector.java:37)
	at EdgeConnector.getEndPoint2(EdgeConnector.java:37)
	at EdgeConnector.getEndPoint2(EdgeConnector.java:37)
	at EdgeConnector.getEndPoint2(EdgeConnector.java:37)
	at EdgeConnector.getEndPoint2(EdgeConnector.java:37)
	at EdgeConnector.getEndPoint2(EdgeConnector.java:37)
	at EdgeConnector.getEndPoint2(EdgeConnector.java:37)
	at EdgeConnector.getEndPoint2(EdgeConnector.java:37)
	at EdgeConnector.getEndPoint2(EdgeConnector.java:37)
	at EdgeConnector.getEndPoint2(EdgeConnector.java:37)
	at EdgeConnector.getEndPoint2(EdgeConnector.java:37)
	at EdgeConnector.getEndPoint2(EdgeConnector.java:37)
	at EdgeConnector.getEndPoint2(EdgeConnector.java:37)
	at EdgeConnector.getEndPoint2(EdgeConnector.java:37)
	at EdgeConnector.getEndPoint2(EdgeConnector.java:37)
	at EdgeConnector.getEndPoint2(EdgeConnector.java:37)
	at EdgeConnector.getEndPoint2(EdgeConnector.java:37)
	at EdgeConnector.getEndPoint2(EdgeConnector.java:37)
	at EdgeConnector.getEndPoint2(EdgeConnector.java:37)
	at EdgeConnector.getEndPoint2(EdgeConnector.java:37)
	at EdgeConnector.getEndPoint2(EdgeConnector.java:37)
	at EdgeConnector.getEndPoint2(EdgeConnector.java:37)
	at EdgeConnector.getEndPoint2(EdgeConnector.java:37)
	at EdgeConnector.getEndPoint2(EdgeConnector.java:37)
	at EdgeConnector.getEndPoint2(EdgeConnector.java:37)
	at EdgeConnector.getEndPoint2(EdgeConnector.java:37)
	at EdgeConnector.getEndPoint2(EdgeConnector.java:37)
	at EdgeConnector.getEndPoint2(EdgeConnector.java:37)
	at EdgeConnector.getEndPoint2(EdgeConnector.java:37)
	at EdgeConnector.getEndPoint2(EdgeConnector.java:37)
	at EdgeConnector.getEndPoint2(EdgeConnector.java:37)
	at EdgeConnector.getEndPoint2(EdgeConnector.java:37)
	at EdgeConnector.getEndPoint2(EdgeConnector.java:37)
	at EdgeConnector.getEndPoint2(EdgeConnector.java:37)
	at EdgeConnector.getEndPoint2(EdgeConnector.java:37)
	at EdgeConnector.getEndPoint2(EdgeConnector.java:37)
	at EdgeConnector.getEndPoint2(EdgeConnector.java:37)
	at EdgeConnector.getEndPoint2(EdgeConnector.java:37)
	at EdgeConnector.getEndPoint2(EdgeConnector.java:37)
	at EdgeConnector.getEndPoint2(EdgeConnector.java:37)
	at EdgeConnector.getEndPoint2(EdgeConnector.java:37)
	at EdgeConnector.getEndPoint2(EdgeConnector.java:37)
	at EdgeConnector.getEndPoint2(EdgeConnector.java:37)
	at EdgeConnector.getEndPoint2(EdgeConnector.java:37)
	at EdgeConnector.getEndPoint2(EdgeConnector.java:37)
	at EdgeConnector.getEndPoint2(EdgeConnector.java:37)
	at EdgeConnector.getEndPoint2(EdgeConnector.java:37)
	at EdgeConnector.getEndPoint2(EdgeConnector.java:37)
	at EdgeConnector.getEndPoint2(EdgeConnector.java:37)
	at EdgeConnector.getEndPoint2(EdgeConnector.java:37)
	at EdgeConnector.getEndPoint2(EdgeConnector.java:37)
	at EdgeConnector.getEndPoint2(EdgeConnector.java:37)
	at EdgeConnector.getEndPoint2(EdgeConnector.java:37)
	at EdgeConnector.getEndPoint2(EdgeConnector.java:37)
	at EdgeConnector.getEndPoint2(EdgeConnector.java:37)
	at EdgeConnector.getEndPoint2(EdgeConnector.java:37)
	at EdgeConnector.getEndPoint2(EdgeConnector.java:37)
	at EdgeConnector.getEndPoint2(EdgeConnector.java:37)
	at EdgeConnector.getEndPoint2(EdgeConnector.java:37)
	at EdgeConnector.getEndPoint2(EdgeConnector.java:37)
	at EdgeConnector.getEndPoint2(EdgeConnector.java:37)
	at EdgeConnector.getEndPoint2(EdgeConnector.java:37)
	at EdgeConnector.getEndPoint2(EdgeConnector.java:37)
	at EdgeConnector.getEndPoint2(EdgeConnector.java:37)
	at EdgeConnector.getEndPoint2(EdgeConnector.java:37)
	at EdgeConnector.getEndPoint2(EdgeConnector.java:37)
	at EdgeConnector.getEndPoint2(EdgeConnector.java:37)
	at EdgeConnector.getEndPoint2(EdgeConnector.java:37)
	at EdgeConnector.getEndPoint2(EdgeConnector.java:37)
	at EdgeConnector.getEndPoint2(EdgeConnector.java:37)
	at EdgeConnector.getEndPoint2(EdgeConnector.java:37)
	at EdgeConnector.getEndPoint2(EdgeConnector.java:37)
	at EdgeConnector.getEndPoint2(EdgeConnector.java:37)
	at EdgeConnector.getEndPoint2(EdgeConnector.java:37)
	at EdgeConnector.getEndPoint2(EdgeConnector.java:37)
	at EdgeConnector.getEndPoint2(EdgeConnector.java:37)
	at EdgeConnector.getEndPoint2(EdgeConnector.java:37)
	at EdgeConnector.getEndPoint2(EdgeConnector.java:37)
	at EdgeConnector.getEndPoint2(EdgeConnector.java:37)
	at EdgeConnector.getEndPoint2(EdgeConnector.java:37)
	at EdgeConnector.getEndPoint2(EdgeConnector.java:37)
	at EdgeConnector.getEndPoint2(EdgeConnector.java:37)
	at EdgeConnector.getEndPoint2(EdgeConnector.java:37)
	at EdgeConnector.getEndPoint2(EdgeConnector.java:37)
	at EdgeConnector.getEndPoint2(EdgeConnector.java:37)
	at EdgeConnector.getEndPoint2(EdgeConnector.java:37)
	at EdgeConnector.getEndPoint2(EdgeConnector.java:37)
	at EdgeConnector.getEndPoint2(EdgeConnector.java:37)
	at EdgeConnector.getEndPoint2(EdgeConnector.java:37)
	at EdgeConnector.getEndPoint2(EdgeConnector.java:37)
	at EdgeConnector.getEndPoint2(EdgeConnector.java:37)
	at EdgeConnector.getEndPoint2(EdgeConnector.java:37)
	at EdgeConnector.getEndPoint2(EdgeConnector.java:37)
	at EdgeConnector.getEndPoint2(EdgeConnector.java:37)
	at EdgeConnector.getEndPoint2(EdgeConnector.java:37)
	at EdgeConnector.getEndPoint2(EdgeConnector.java:37)
	at EdgeConnector.getEndPoint2(EdgeConnector.java:37)
	at EdgeConnector.getEndPoint2(EdgeConnector.java:37)
	at EdgeConnector.getEndPoint2(EdgeConnector.java:37)
	at EdgeConnector.getEndPoint2(EdgeConnector.java:37)
	at EdgeConnector.getEndPoint2(EdgeConnector.java:37)
	at EdgeConnector.getEndPoint2(EdgeConnector.java:37)
	at EdgeConnector.getEndPoint2(EdgeConnector.java:37)
	at EdgeConnector.getEndPoint2(EdgeConnector.java:37)
	at EdgeConnector.getEndPoint2(EdgeConnector.java:37)
	at EdgeConnector.getEndPoint2(EdgeConnector.java:37)
	at EdgeConnector.getEndPoint2(EdgeConnector.java:37)
	at EdgeConnector.getEndPoint2(EdgeConnector.java:37)
	at EdgeConnector.getEndPoint2(EdgeConnector.java:37)
	at EdgeConnector.getEndPoint2(EdgeConnector.java:37)
	at EdgeConnector.getEndPoint2(EdgeConnector.java:37)
	at EdgeConnector.getEndPoint2(EdgeConnector.java:37)
	at EdgeConnector.getEndPoint2(EdgeConnector.java:37)
	at EdgeConnector.getEndPoint2(EdgeConnector.java:37)
	at EdgeConnector.getEndPoint2(EdgeConnector.java:37)
	at EdgeConnector.getEndPoint2(EdgeConnector.java:37)
	at EdgeConnector.getEndPoint2(EdgeConnector.java:37)
	at EdgeConnector.getEndPoint2(EdgeConnector.java:37)
	at EdgeConnector.getEndPoint2(EdgeConnector.java:37)
	at EdgeConnector.getEndPoint2(EdgeConnector.java:37)
	at EdgeConnector.getEndPoint2(EdgeConnector.java:37)
	at EdgeConnector.getEndPoint2(EdgeConnector.java:37)
	at EdgeConnector.getEndPoint2(EdgeConnector.java:37)
	at EdgeConnector.getEndPoint2(EdgeConnector.java:37)
	at EdgeConnector.getEndPoint2(EdgeConnector.java:37)
	at EdgeConnector.getEndPoint2(EdgeConnector.java:37)
	at EdgeConnector.getEndPoint2(EdgeConnector.java:37)
	at EdgeConnector.getEndPoint2(EdgeConnector.java:37)
	at EdgeConnector.getEndPoint2(EdgeConnector.java:37)
	at EdgeConnector.getEndPoint2(EdgeConnector.java:37)
	at EdgeConnector.getEndPoint2(EdgeConnector.java:37)
	at EdgeConnector.getEndPoint2(EdgeConnector.java:37)
	at EdgeConnector.getEndPoint2(EdgeConnector.java:37)
	at EdgeConnector.getEndPoint2(EdgeConnector.java:37)
	at EdgeConnector.getEndPoint2(EdgeConnector.java:37)
	at EdgeConnector.getEndPoint2(EdgeConnector.java:37)
	at EdgeConnector.getEndPoint2(EdgeConnector.java:37)
	at EdgeConnector.getEndPoint2(EdgeConnector.java:37)
	at EdgeConnector.getEndPoint2(EdgeConnector.java:37)
	at EdgeConnector.getEndPoint2(EdgeConnector.java:37)
	at EdgeConnector.getEndPoint2(EdgeConnector.java:37)
	at EdgeConnector.getEndPoint2(EdgeConnector.java:37)
	at EdgeConnector.getEndPoint2(EdgeConnector.java:37)
	at EdgeConnector.getEndPoint2(EdgeConnector.java:37)
	at EdgeConnector.getEndPoint2(EdgeConnector.java:37)
	at EdgeConnector.getEndPoint2(EdgeConnector.java:37)
	at EdgeConnector.getEndPoint2(EdgeConnector.java:37)
	at EdgeConnector.getEndPoint2(EdgeConnector.java:37)
	at EdgeConnector.getEndPoint2(EdgeConnector.java:37)
	at EdgeConnector.getEndPoint2(EdgeConnector.java:37)
	at EdgeConnector.getEndPoint2(EdgeConnector.java:37)
	at EdgeConnector.getEndPoint2(EdgeConnector.java:37)
	at EdgeConnector.getEndPoint2(EdgeConnector.java:37)
	at EdgeConnector.getEndPoint2(EdgeConnector.java:37)
	at EdgeConnector.getEndPoint2(EdgeConnector.java:37)
	at EdgeConnector.getEndPoint2(EdgeConnector.java:37)
	at EdgeConnector.getEndPoint2(EdgeConnector.java:37)
	at EdgeConnector.getEndPoint2(EdgeConnector.java:37)
	at EdgeConnector.getEndPoint2(EdgeConnector.java:37)
	at EdgeConnector.getEndPoint2(EdgeConnector.java:37)
	at EdgeConnector.getEndPoint2(EdgeConnector.java:37)
	at EdgeConnector.getEndPoint2(EdgeConnector.java:37)
	at EdgeConnector.getEndPoint2(EdgeConnector.java:37)
	at EdgeConnector.getEndPoint2(EdgeConnector.java:37)
	at EdgeConnector.getEndPoint2(EdgeConnector.java:37)
	at EdgeConnector.getEndPoint2(EdgeConnector.java:37)
	at EdgeConnector.getEndPoint2(EdgeConnector.java:37)
	at EdgeConnector.getEndPoint2(EdgeConnector.java:37)
	at EdgeConnector.getEndPoint2(EdgeConnector.java:37)
	at EdgeConnector.getEndPoint2(EdgeConnector.java:37)
	at EdgeConnector.getEndPoint2(EdgeConnector.java:37)
	at EdgeConnector.getEndPoint2(EdgeConnector.java:37)
	at EdgeConnector.getEndPoint2(EdgeConnector.java:37)
	at EdgeConnector.getEndPoint2(EdgeConnector.java:37)
	at EdgeConnector.getEndPoint2(EdgeConnector.java:37)
	at EdgeConnector.getEndPoint2(EdgeConnector.java:37)
	at EdgeConnector.getEndPoint2(EdgeConnector.java:37)
	at EdgeConnector.getEndPoint2(EdgeConnector.java:37)
	at EdgeConnector.getEndPoint2(EdgeConnector.java:37)
	at EdgeConnector.getEndPoint2(EdgeConnector.java:37)
	at EdgeConnector.getEndPoint2(EdgeConnector.java:37)
	at EdgeConnector.getEndPoint2(EdgeConnector.java:37)
	at EdgeConnector.getEndPoint2(EdgeConnector.java:37)
	at EdgeConnector.getEndPoint2(EdgeConnector.java:37)
	at EdgeConnector.getEndPoint2(EdgeConnector.java:37)
	at EdgeConnector.getEndPoint2(EdgeConnector.java:37)
	at EdgeConnector.getEndPoint2(EdgeConnector.java:37)
	at EdgeConnector.getEndPoint2(EdgeConnector.java:37)
	at EdgeConnector.getEndPoint2(EdgeConnector.java:37)
	at EdgeConnector.getEndPoint2(EdgeConnector.java:37)
	at EdgeConnector.getEndPoint2(EdgeConnector.java:37)
	at EdgeConnector.getEndPoint2(EdgeConnector.java:37)
	at EdgeConnector.getEndPoint2(EdgeConnector.java:37)
	at EdgeConnector.getEndPoint2(EdgeConnector.java:37)
	at EdgeConnector.getEndPoint2(EdgeConnector.java:37)
	at EdgeConnector.getEndPoint2(EdgeConnector.java:37)
	at EdgeConnector.getEndPoint2(EdgeConnector.java:37)
	at EdgeConnector.getEndPoint2(EdgeConnector.java:37)
	at EdgeConnector.getEndPoint2(EdgeConnector.java:37)
	at EdgeConnector.getEndPoint2(EdgeConnector.java:37)
	at EdgeConnector.getEndPoint2(EdgeConnector.java:37)
	at EdgeConnector.getEndPoint2(EdgeConnector.java:37)
	at EdgeConnector.getEndPoint2(EdgeConnector.java:37)
	at EdgeConnector.getEndPoint2(EdgeConnector.java:37)
	at EdgeConnector.getEndPoint2(EdgeConnector.java:37)
	at EdgeConnector.getEndPoint2(EdgeConnector.java:37)
	at EdgeConnector.getEndPoint2(EdgeConnector.java:37)
	at EdgeConnector.getEndPoint2(EdgeConnector.java:37)
	at EdgeConnector.getEndPoint2(EdgeConnector.java:37)
	at EdgeConnector.getEndPoint2(EdgeConnector.java:37)
	at EdgeConnector.getEndPoint2(EdgeConnector.java:37)
	at EdgeConnector.getEndPoint2(EdgeConnector.java:37)
	at EdgeConnector.getEndPoint2(EdgeConnector.java:37)
	at EdgeConnector.getEndPoint2(EdgeConnector.java:37)
	at EdgeConnector.getEndPoint2(EdgeConnector.java:37)
	at EdgeConnector.getEndPoint2(EdgeConnector.java:37)
	at EdgeConnector.getEndPoint2(EdgeConnector.java:37)
	at EdgeConnector.getEndPoint2(EdgeConnector.java:37)
	at EdgeConnector.getEndPoint2(EdgeConnector.java:37)
	at EdgeConnector.getEndPoint2(EdgeConnector.java:37)
	at EdgeConnector.getEndPoint2(EdgeConnector.java:37)
	at EdgeConnector.getEndPoint2(EdgeConnector.java:37)
	at EdgeConnector.getEndPoint2(EdgeConnector.java:37)
	at EdgeConnector.getEndPoint2(EdgeConnector.java:37)
	at EdgeConnector.getEndPoint2(EdgeConnector.java:37)
	at EdgeConnector.getEndPoint2(EdgeConnector.java:37)
	at EdgeConnector.getEndPoint2(EdgeConnector.java:37)
	at EdgeConnector.getEndPoint2(EdgeConnector.java:37)
	at EdgeConnector.getEndPoint2(EdgeConnector.java:37)
	at EdgeConnector.getEndPoint2(EdgeConnector.java:37)
	at EdgeConnector.getEndPoint2(EdgeConnector.java:37)
	at EdgeConnector.getEndPoint2(EdgeConnector.java:37)
	at EdgeConnector.getEndPoint2(EdgeConnector.java:37)
	at EdgeConnector.getEndPoint2(EdgeConnector.java:37)
	at EdgeConnector.getEndPoint2(EdgeConnector.java:37)
	at EdgeConnector.getEndPoint2(EdgeConnector.java:37)
	at EdgeConnector.getEndPoint2(EdgeConnector.java:37)
	at EdgeConnector.getEndPoint2(EdgeConnector.java:37)
	at EdgeConnector.getEndPoint2(EdgeConnector.java:37)
	at EdgeConnector.getEndPoint2(EdgeConnector.java:37)
	at EdgeConnector.getEndPoint2(EdgeConnector.java:37)
	at EdgeConnector.getEndPoint2(EdgeConnector.java:37)
	at EdgeConnector.getEndPoint2(EdgeConnector.java:37)
	at EdgeConnector.getEndPoint2(EdgeConnector.java:37)
	at EdgeConnector.getEndPoint2(EdgeConnector.java:37)
	at EdgeConnector.getEndPoint2(EdgeConnector.java:37)
	at EdgeConnector.getEndPoint2(EdgeConnector.java:37)
	at EdgeConnector.getEndPoint2(EdgeConnector.java:37)
	at EdgeConnector.getEndPoint2(EdgeConnector.java:37)
	at EdgeConnector.getEndPoint2(EdgeConnector.java:37)
	at EdgeConnector.getEndPoint2(EdgeConnector.java:37)
	at EdgeConnector.getEndPoint2(EdgeConnector.java:37)
	at EdgeConnector.getEndPoint2(EdgeConnector.java:37)
	at EdgeConnector.getEndPoint2(EdgeConnector.java:37)
	at EdgeConnector.getEndPoint2(EdgeConnector.java:37)
	at EdgeConnector.getEndPoint2(EdgeConnector.java:37)
	at EdgeConnector.getEndPoint2(EdgeConnector.java:37)
	at EdgeConnector.getEndPoint2(EdgeConnector.java:37)
	at EdgeConnector.getEndPoint2(EdgeConnector.java:37)
	at EdgeConnector.getEndPoint2(EdgeConnector.java:37)
	at EdgeConnector.getEndPoint2(EdgeConnector.java:37)
	at EdgeConnector.getEndPoint2(EdgeConnector.java:37)
	at EdgeConnector.getEndPoint2(EdgeConnector.java:37)
	at EdgeConnector.getEndPoint2(EdgeConnector.java:37)
	at EdgeConnector.getEndPoint2(EdgeConnector.java:37)
	at EdgeConnector.getEndPoint2(EdgeConnector.java:37)
	at EdgeConnector.getEndPoint2(EdgeConnector.java:37)
	at EdgeConnector.getEndPoint2(EdgeConnector.java:37)
	at EdgeConnector.getEndPoint2(EdgeConnector.java:37)
	at EdgeConnector.getEndPoint2(EdgeConnector.java:37)
	at EdgeConnector.getEndPoint2(EdgeConnector.java:37)
	at EdgeConnector.getEndPoint2(EdgeConnector.java:37)
	at EdgeConnector.getEndPoint2(EdgeConnector.java:37)
	at EdgeConnector.getEndPoint2(EdgeConnector.java:37)
	at EdgeConnector.getEndPoint2(EdgeConnector.java:37)
	at EdgeConnector.getEndPoint2(EdgeConnector.java:37)
	at EdgeConnector.getEndPoint2(EdgeConnector.java:37)
	at EdgeConnector.getEndPoint2(EdgeConnector.java:37)
	at EdgeConnector.getEndPoint2(EdgeConnector.java:37)
	at EdgeConnector.getEndPoint2(EdgeConnector.java:37)
	at EdgeConnector.getEndPoint2(EdgeConnector.java:37)
	at EdgeConnector.getEndPoint2(EdgeConnector.java:37)
	at EdgeConnector.getEndPoint2(EdgeConnector.java:37)
	at EdgeConnector.getEndPoint2(EdgeConnector.java:37)
	at EdgeConnector.getEndPoint2(EdgeConnector.java:37)
	at EdgeConnector.getEndPoint2(EdgeConnector.java:37)
	at EdgeConnector.getEndPoint2(EdgeConnector.java:37)
	at EdgeConnector.getEndPoint2(EdgeConnector.java:37)
	at EdgeConnector.getEndPoint2(EdgeConnector.java:37)
	at EdgeConnector.getEndPoint2(EdgeConnector.java:37)
	at EdgeConnector.getEndPoint2(EdgeConnector.java:37)
	at EdgeConnector.getEndPoint2(EdgeConnector.java:37)
	at EdgeConnector.getEndPoint2(EdgeConnector.java:37)
	at EdgeConnector.getEndPoint2(EdgeConnector.java:37)
	at EdgeConnector.getEndPoint2(EdgeConnector.java:37)
	at EdgeConnector.getEndPoint2(EdgeConnector.java:37)
	at EdgeConnector.getEndPoint2(EdgeConnector.java:37)
	at EdgeConnector.getEndPoint2(EdgeConnector.java:37)
	at EdgeConnector.getEndPoint2(EdgeConnector.java:37)
	at EdgeConnector.getEndPoint2(EdgeConnector.java:37)
	at EdgeConnector.getEndPoint2(EdgeConnector.java:37)
	at EdgeConnector.getEndPoint2(EdgeConnector.java:37)
	at EdgeConnector.getEndPoint2(EdgeConnector.java:37)
	at EdgeConnector.getEndPoint2(EdgeConnector.java:37)
	at EdgeConnector.getEndPoint2(EdgeConnector.java:37)
	at EdgeConnector.getEndPoint2(EdgeConnector.java:37)
	at EdgeConnector.getEndPoint2(EdgeConnector.java:37)
	at EdgeConnector.getEndPoint2(EdgeConnector.java:37)
	at EdgeConnector.getEndPoint2(EdgeConnector.java:37)
	at EdgeConnector.getEndPoint2(EdgeConnector.java:37)
	at EdgeConnector.getEndPoint2(EdgeConnector.java:37)
	at EdgeConnector.getEndPoint2(EdgeConnector.java:37)
	at EdgeConnector.getEndPoint2(EdgeConnector.java:37)
	at EdgeConnector.getEndPoint2(EdgeConnector.java:37)
	at EdgeConnector.getEndPoint2(EdgeConnector.java:37)
	at EdgeConnector.getEndPoint2(EdgeConnector.java:37)
	at EdgeConnector.getEndPoint2(EdgeConnector.java:37)
	at EdgeConnector.getEndPoint2(EdgeConnector.java:37)
	at EdgeConnector.getEndPoint2(EdgeConnector.java:37)
	at EdgeConnector.getEndPoint2(EdgeConnector.java:37)
	at EdgeConnector.getEndPoint2(EdgeConnector.java:37)
	at EdgeConnector.getEndPoint2(EdgeConnector.java:37)
	at EdgeConnector.getEndPoint2(EdgeConnector.java:37)
	at EdgeConnector.getEndPoint2(EdgeConnector.java:37)
	at EdgeConnector.getEndPoint2(EdgeConnector.java:37)
	at EdgeConnector.getEndPoint2(EdgeConnector.java:37)
	at EdgeConnector.getEndPoint2(EdgeConnector.java:37)
	at EdgeConnector.getEndPoint2(EdgeConnector.java:37)
	at EdgeConnector.getEndPoint2(EdgeConnector.java:37)
	at EdgeConnector.getEndPoint2(EdgeConnector.java:37)
	at EdgeConnector.getEndPoint2(EdgeConnector.java:37)
	at EdgeConnector.getEndPoint2(EdgeConnector.java:37)
	at EdgeConnector.getEndPoint2(EdgeConnector.java:37)
	at EdgeConnector.getEndPoint2(EdgeConnector.java:37)
	at EdgeConnector.getEndPoint2(EdgeConnector.java:37)
	at EdgeConnector.getEndPoint2(EdgeConnector.java:37)
	at EdgeConnector.getEndPoint2(EdgeConnector.java:37)
	at EdgeConnector.getEndPoint2(EdgeConnector.java:37)
	at EdgeConnector.getEndPoint2(EdgeConnector.java:37)
	at EdgeConnector.getEndPoint2(EdgeConnector.java:37)
	at EdgeConnector.getEndPoint2(EdgeConnector.java:37)
	at EdgeConnector.getEndPoint2(EdgeConnector.java:37)
	at EdgeConnector.getEndPoint2(EdgeConnector.java:37)
	at EdgeConnector.getEndPoint2(EdgeConnector.java:37)
	at EdgeConnector.getEndPoint2(EdgeConnector.java:37)
	at EdgeConnector.getEndPoint2(EdgeConnector.java:37)
	at EdgeConnector.getEndPoint2(EdgeConnector.java:37)
	at EdgeConnector.getEndPoint2(EdgeConnector.java:37)
	at EdgeConnector.getEndPoint2(EdgeConnector.java:37)
	at EdgeConnector.getEndPoint2(EdgeConnector.java:37)
	at EdgeConnector.getEndPoint2(EdgeConnector.java:37)
	at EdgeConnector.getEndPoint2(EdgeConnector.java:37)
	at EdgeConnector.getEndPoint2(EdgeConnector.java:37)
	at EdgeConnector.getEndPoint2(EdgeConnector.java:37)
	at EdgeConnector.getEndPoint2(EdgeConnector.java:37)
	at EdgeConnector.getEndPoint2(EdgeConnector.java:37)
	at EdgeConnector.getEndPoint2(EdgeConnector.java:37)
	at EdgeConnector.getEndPoint2(EdgeConnector.java:37)
	at EdgeConnector.getEndPoint2(EdgeConnector.java:37)
	at EdgeConnector.getEndPoint2(EdgeConnector.java:37)
	at EdgeConnector.getEndPoint2(EdgeConnector.java:37)
	at EdgeConnector.getEndPoint2(EdgeConnector.java:37)
	at EdgeConnector.getEndPoint2(EdgeConnector.java:37)
	at EdgeConnector.getEndPoint2(EdgeConnector.java:37)
[...]
	at EdgeConnector.getIsEP2Table(EdgeConnector.java:66)
	at EdgeConnector.getIsEP2Table(EdgeConnector.java:66)
	at EdgeConnector.getIsEP2Table(EdgeConnector.java:66)
	at EdgeConnector.getIsEP2Table(EdgeConnector.java:66)
	at EdgeConnector.getIsEP2Table(EdgeConnector.java:66)
	at EdgeConnector.getIsEP2Table(EdgeConnector.java:66)
	at EdgeConnector.getIsEP2Table(EdgeConnector.java:66)
	at EdgeConnector.getIsEP2Table(EdgeConnector.java:66)
	at EdgeConnector.getIsEP2Table(EdgeConnector.java:66)
	at EdgeConnector.getIsEP2Table(EdgeConnector.java:66)
	at EdgeConnector.getIsEP2Table(EdgeConnector.java:66)
	at EdgeConnector.getIsEP2Table(EdgeConnector.java:66)
	at EdgeConnector.getIsEP2Table(EdgeConnector.java:66)
	at EdgeConnector.getIsEP2Table(EdgeConnector.java:66)
	at EdgeConnector.getIsEP2Table(EdgeConnector.java:66)
	at EdgeConnector.getIsEP2Table(EdgeConnector.java:66)
	at EdgeConnector.getIsEP2Table(EdgeConnector.java:66)
	at EdgeConnector.getIsEP2Table(EdgeConnector.java:66)
	at EdgeConnector.getIsEP2Table(EdgeConnector.java:66)
	at EdgeConnector.getIsEP2Table(EdgeConnector.java:66)
	at EdgeConnector.getIsEP2Table(EdgeConnector.java:66)
	at EdgeConnector.getIsEP2Table(EdgeConnector.java:66)
	at EdgeConnector.getIsEP2Table(EdgeConnector.java:66)
	at EdgeConnector.getIsEP2Table(EdgeConnector.java:66)
	at EdgeConnector.getIsEP2Table(EdgeConnector.java:66)
	at EdgeConnector.getIsEP2Table(EdgeConnector.java:66)
	at EdgeConnector.getIsEP2Table(EdgeConnector.java:66)
	at EdgeConnector.getIsEP2Table(EdgeConnector.java:66)
	at EdgeConnector.getIsEP2Table(EdgeConnector.java:66)
	at EdgeConnector.getIsEP2Table(EdgeConnector.java:66)
	at EdgeConnector.getIsEP2Table(EdgeConnector.java:66)
	at EdgeConnector.getIsEP2Table(EdgeConnector.java:66)
	at EdgeConnector.getIsEP2Table(EdgeConnector.java:66)
	at EdgeConnector.getIsEP2Table(EdgeConnector.java:66)
	at EdgeConnector.getIsEP2Table(EdgeConnector.java:66)
	at EdgeConnector.getIsEP2Table(EdgeConnector.java:66)
	at EdgeConnector.getIsEP2Table(EdgeConnector.java:66)
	at EdgeConnector.getIsEP2Table(EdgeConnector.java:66)
	at EdgeConnector.getIsEP2Table(EdgeConnector.java:66)
	at EdgeConnector.getIsEP2Table(EdgeConnector.java:66)
	at EdgeConnector.getIsEP2Table(EdgeConnector.java:66)
	at EdgeConnector.getIsEP2Table(EdgeConnector.java:66)
	at EdgeConnector.getIsEP2Table(EdgeConnector.java:66)
	at EdgeConnector.getIsEP2Table(EdgeConnector.java:66)
	at EdgeConnector.getIsEP2Table(EdgeConnector.java:66)
	at EdgeConnector.getIsEP2Table(EdgeConnector.java:66)
	at EdgeConnector.getIsEP2Table(EdgeConnector.java:66)
	at EdgeConnector.getIsEP2Table(EdgeConnector.java:66)
	at EdgeConnector.getIsEP2Table(EdgeConnector.java:66)
	at EdgeConnector.getIsEP2Table(EdgeConnector.java:66)
	at EdgeConnector.getIsEP2Table(EdgeConnector.java:66)
	at EdgeConnector.getIsEP2Table(EdgeConnector.java:66)
	at EdgeConnector.getIsEP2Table(EdgeConnector.java:66)
	at EdgeConnector.getIsEP2Table(EdgeConnector.java:66)
	at EdgeConnector.getIsEP2Table(EdgeConnector.java:66)
	at EdgeConnector.getIsEP2Table(EdgeConnector.java:66)
	at EdgeConnector.getIsEP2Table(EdgeConnector.java:66)
	at EdgeConnector.getIsEP2Table(EdgeConnector.java:66)
	at EdgeConnector.getIsEP2Table(EdgeConnector.java:66)
	at EdgeConnector.getIsEP2Table(EdgeConnector.java:66)
	at EdgeConnector.getIsEP2Table(EdgeConnector.java:66)
	at EdgeConnector.getIsEP2Table(EdgeConnector.java:66)
	at EdgeConnector.getIsEP2Table(EdgeConnector.java:66)
	at EdgeConnector.getIsEP2Table(EdgeConnector.java:66)
	at EdgeConnector.getIsEP2Table(EdgeConnector.java:66)
	at EdgeConnector.getIsEP2Table(EdgeConnector.java:66)
	at EdgeConnector.getIsEP2Table(EdgeConnector.java:66)
	at EdgeConnector.getIsEP2Table(EdgeConnector.java:66)
	at EdgeConnector.getIsEP2Table(EdgeConnector.java:66)
	at EdgeConnector.getIsEP2Table(EdgeConnector.java:66)
	at EdgeConnector.getIsEP2Table(EdgeConnector.java:66)
	at EdgeConnector.getIsEP2Table(EdgeConnector.java:66)
	at EdgeConnector.getIsEP2Table(EdgeConnector.java:66)
	at EdgeConnector.getIsEP2Table(EdgeConnector.java:66)
	at EdgeConnector.getIsEP2Table(EdgeConnector.java:66)
	at EdgeConnector.getIsEP2Table(EdgeConnector.java:66)
	at EdgeConnector.getIsEP2Table(EdgeConnector.java:66)
	at EdgeConnector.getIsEP2Table(EdgeConnector.java:66)
	at EdgeConnector.getIsEP2Table(EdgeConnector.java:66)
	at EdgeConnector.getIsEP2Table(EdgeConnector.java:66)
	at EdgeConnector.getIsEP2Table(EdgeConnector.java:66)
	at EdgeConnector.getIsEP2Table(EdgeConnector.java:66)
	at EdgeConnector.getIsEP2Table(EdgeConnector.java:66)
	at EdgeConnector.getIsEP2Table(EdgeConnector.java:66)
	at EdgeConnector.getIsEP2Table(EdgeConnector.java:66)
	at EdgeConnector.getIsEP2Table(EdgeConnector.java:66)
	at EdgeConnector.getIsEP2Table(EdgeConnector.java:66)
	at EdgeConnector.getIsEP2Table(EdgeConnector.java:66)
	at EdgeConnector.getIsEP2Table(EdgeConnector.java:66)
	at EdgeConnector.getIsEP2Table(EdgeConnector.java:66)
	at EdgeConnector.getIsEP2Table(EdgeConnector.java:66)
	at EdgeConnector.getIsEP2Table(EdgeConnector.java:66)
	at EdgeConnector.getIsEP2Table(EdgeConnector.java:66)
	at EdgeConnector.getIsEP2Table(EdgeConnector.java:66)
	at EdgeConnector.getIsEP2Table(EdgeConnector.java:66)
	at EdgeConnector.getIsEP2Table(EdgeConnector.java:66)
	at EdgeConnector.getIsEP2Table(EdgeConnector.java:66)
	at EdgeConnector.getIsEP2Table(EdgeConnector.java:66)
	at EdgeConnector.getIsEP2Table(EdgeConnector.java:66)
	at EdgeConnector.getIsEP2Table(EdgeConnector.java:66)
	at EdgeConnector.getIsEP2Table(EdgeConnector.java:66)
	at EdgeConnector.getIsEP2Table(EdgeConnector.java:66)
	at EdgeConnector.getIsEP2Table(EdgeConnector.java:66)
	at EdgeConnector.getIsEP2Table(EdgeConnector.java:66)
	at EdgeConnector.getIsEP2Table(EdgeConnector.java:66)
	at EdgeConnector.getIsEP2Table(EdgeConnector.java:66)
	at EdgeConnector.getIsEP2Table(EdgeConnector.java:66)
	at EdgeConnector.getIsEP2Table(EdgeConnector.java:66)
	at EdgeConnector.getIsEP2Table(EdgeConnector.java:66)
	at EdgeConnector.getIsEP2Table(EdgeConnector.java:66)
	at EdgeConnector.getIsEP2Table(EdgeConnector.java:66)
	at EdgeConnector.getIsEP2Table(EdgeConnector.java:66)
	at EdgeConnector.getIsEP2Table(EdgeConnector.java:66)
	at EdgeConnector.getIsEP2Table(EdgeConnector.java:66)
	at EdgeConnector.getIsEP2Table(EdgeConnector.java:66)
	at EdgeConnector.getIsEP2Table(EdgeConnector.java:66)
	at EdgeConnector.getIsEP2Table(EdgeConnector.java:66)
	at EdgeConnector.getIsEP2Table(EdgeConnector.java:66)
	at EdgeConnector.getIsEP2Table(EdgeConnector.java:66)
	at EdgeConnector.getIsEP2Table(EdgeConnector.java:66)
	at EdgeConnector.getIsEP2Table(EdgeConnector.java:66)
	at EdgeConnector.getIsEP2Table(EdgeConnector.java:66)
	at EdgeConnector.getIsEP2Table(EdgeConnector.java:66)
	at EdgeConnector.getIsEP2Table(EdgeConnector.java:66)
	at EdgeConnector.getIsEP2Table(EdgeConnector.java:66)
	at EdgeConnector.getIsEP2Table(EdgeConnector.java:66)
	at EdgeConnector.getIsEP2Table(EdgeConnector.java:66)
	at EdgeConnector.getIsEP2Table(EdgeConnector.java:66)
	at EdgeConnector.getIsEP2Table(EdgeConnector.java:66)
	at EdgeConnector.getIsEP2Table(EdgeConnector.java:66)
	at EdgeConnector.getIsEP2Table(EdgeConnector.java:66)
	at EdgeConnector.getIsEP2Table(EdgeConnector.java:66)
	at EdgeConnector.getIsEP2Table(EdgeConnector.java:66)
	at EdgeConnector.getIsEP2Table(EdgeConnector.java:66)
	at EdgeConnector.getIsEP2Table(EdgeConnector.java:66)
	at EdgeConnector.getIsEP2Table(EdgeConnector.java:66)
	at EdgeConnector.getIsEP2Table(EdgeConnector.java:66)
	at EdgeConnector.getIsEP2Table(EdgeConnector.java:66)
	at EdgeConnector.getIsEP2Table(EdgeConnector.java:66)
	at EdgeConnector.getIsEP2Table(EdgeConnector.java:66)
	at EdgeConnector.getIsEP2Table(EdgeConnector.java:66)
	at EdgeConnector.getIsEP2Table(EdgeConnector.java:66)
	at EdgeConnector.getIsEP2Table(EdgeConnector.java:66)
	at EdgeConnector.getIsEP2Table(EdgeConnector.java:66)
	at EdgeConnector.getIsEP2Table(EdgeConnector.java:66)
	at EdgeConnector.getIsEP2Table(EdgeConnector.java:66)
	at EdgeConnector.getIsEP2Table(EdgeConnector.java:66)
	at EdgeConnector.getIsEP2Table(EdgeConnector.java:66)
	at EdgeConnector.getIsEP2Table(EdgeConnector.java:66)
	at EdgeConnector.getIsEP2Table(EdgeConnector.java:66)
	at EdgeConnector.getIsEP2Table(EdgeConnector.java:66)
	at EdgeConnector.getIsEP2Table(EdgeConnector.java:66)
	at EdgeConnector.getIsEP2Table(EdgeConnector.java:66)
	at EdgeConnector.getIsEP2Table(EdgeConnector.java:66)
	at EdgeConnector.getIsEP2Table(EdgeConnector.java:66)
	at EdgeConnector.getIsEP2Table(EdgeConnector.java:66)
	at EdgeConnector.getIsEP2Table(EdgeConnector.java:66)
	at EdgeConnector.getIsEP2Table(EdgeConnector.java:66)
	at EdgeConnector.getIsEP2Table(EdgeConnector.java:66)
	at EdgeConnector.getIsEP2Table(EdgeConnector.java:66)
	at EdgeConnector.getIsEP2Table(EdgeConnector.java:66)
	at EdgeConnector.getIsEP2Table(EdgeConnector.java:66)
	at EdgeConnector.getIsEP2Table(EdgeConnector.java:66)
	at EdgeConnector.getIsEP2Table(EdgeConnector.java:66)
	at EdgeConnector.getIsEP2Table(EdgeConnector.java:66)
	at EdgeConnector.getIsEP2Table(EdgeConnector.java:66)
	at EdgeConnector.getIsEP2Table(EdgeConnector.java:66)
	at EdgeConnector.getIsEP2Table(EdgeConnector.java:66)
	at EdgeConnector.getIsEP2Table(EdgeConnector.java:66)
	at EdgeConnector.getIsEP2Table(EdgeConnector.java:66)
	at EdgeConnector.getIsEP2Table(EdgeConnector.java:66)
	at EdgeConnector.getIsEP2Table(EdgeConnector.java:66)
	at EdgeConnector.getIsEP2Table(EdgeConnector.java:66)
	at EdgeConnector.getIsEP2Table(EdgeConnector.java:66)
	at EdgeConnector.getIsEP2Table(EdgeConnector.java:66)
	at EdgeConnector.getIsEP2Table(EdgeConnector.java:66)
	at EdgeConnector.getIsEP2Table(EdgeConnector.java:66)
	at EdgeConnector.getIsEP2Table(EdgeConnector.java:66)
	at EdgeConnector.getIsEP2Table(EdgeConnector.java:66)
	at EdgeConnector.getIsEP2Table(EdgeConnector.java:66)
	at EdgeConnector.getIsEP2Table(EdgeConnector.java:66)
	at EdgeConnector.getIsEP2Table(EdgeConnector.java:66)
	at EdgeConnector.getIsEP2Table(EdgeConnector.java:66)
	at EdgeConnector.getIsEP2Table(EdgeConnector.java:66)
	at EdgeConnector.getIsEP2Table(EdgeConnector.java:66)
	at EdgeConnector.getIsEP2Table(EdgeConnector.java:66)
	at EdgeConnector.getIsEP2Table(EdgeConnector.java:66)
	at EdgeConnector.getIsEP2Table(EdgeConnector.java:66)
	at EdgeConnector.getIsEP2Table(EdgeConnector.java:66)
	at EdgeConnector.getIsEP2Table(EdgeConnector.java:66)
	at EdgeConnector.getIsEP2Table(EdgeConnector.java:66)
	at EdgeConnector.getIsEP2Table(EdgeConnector.java:66)
	at EdgeConnector.getIsEP2Table(EdgeConnector.java:66)
	at EdgeConnector.getIsEP2Table(EdgeConnector.java:66)
	at EdgeConnector.getIsEP2Table(EdgeConnector.java:66)
	at EdgeConnector.getIsEP2Table(EdgeConnector.java:66)
	at EdgeConnector.getIsEP2Table(EdgeConnector.java:66)
	at EdgeConnector.getIsEP2Table(EdgeConnector.java:66)
	at EdgeConnector.getIsEP2Table(EdgeConnector.java:66)
	at EdgeConnector.getIsEP2Table(EdgeConnector.java:66)
	at EdgeConnector.getIsEP2Table(EdgeConnector.java:66)
	at EdgeConnector.getIsEP2Table(EdgeConnector.java:66)
	at EdgeConnector.getIsEP2Table(EdgeConnector.java:66)
	at EdgeConnector.getIsEP2Table(EdgeConnector.java:66)
	at EdgeConnector.getIsEP2Table(EdgeConnector.java:66)
	at EdgeConnector.getIsEP2Table(EdgeConnector.java:66)
	at EdgeConnector.getIsEP2Table(EdgeConnector.java:66)
	at EdgeConnector.getIsEP2Table(EdgeConnector.java:66)
	at EdgeConnector.getIsEP2Table(EdgeConnector.java:66)
	at EdgeConnector.getIsEP2Table(EdgeConnector.java:66)
	at EdgeConnector.getIsEP2Table(EdgeConnector.java:66)
	at EdgeConnector.getIsEP2Table(EdgeConnector.java:66)
	at EdgeConnector.getIsEP2Table(EdgeConnector.java:66)
	at EdgeConnector.getIsEP2Table(EdgeConnector.java:66)
	at EdgeConnector.getIsEP2Table(EdgeConnector.java:66)
	at EdgeConnector.getIsEP2Table(EdgeConnector.java:66)
	at EdgeConnector.getIsEP2Table(EdgeConnector.java:66)
	at EdgeConnector.getIsEP2Table(EdgeConnector.java:66)
	at EdgeConnector.getIsEP2Table(EdgeConnector.java:66)
	at EdgeConnector.getIsEP2Table(EdgeConnector.java:66)
	at EdgeConnector.getIsEP2Table(EdgeConnector.java:66)
	at EdgeConnector.getIsEP2Table(EdgeConnector.java:66)
	at EdgeConnector.getIsEP2Table(EdgeConnector.java:66)
	at EdgeConnector.getIsEP2Table(EdgeConnector.java:66)
	at EdgeConnector.getIsEP2Table(EdgeConnector.java:66)
	at EdgeConnector.getIsEP2Table(EdgeConnector.java:66)
	at EdgeConnector.getIsEP2Table(EdgeConnector.java:66)
	at EdgeConnector.getIsEP2Table(EdgeConnector.java:66)
	at EdgeConnector.getIsEP2Table(EdgeConnector.java:66)
	at EdgeConnector.getIsEP2Table(EdgeConnector.java:66)
	at EdgeConnector.getIsEP2Table(EdgeConnector.java:66)
	at EdgeConnector.getIsEP2Table(EdgeConnector.java:66)
	at EdgeConnector.getIsEP2Table(EdgeConnector.java:66)
	at EdgeConnector.getIsEP2Table(EdgeConnector.java:66)
	at EdgeConnector.getIsEP2Table(EdgeConnector.java:66)
	at EdgeConnector.getIsEP2Table(EdgeConnector.java:66)
	at EdgeConnector.getIsEP2Table(EdgeConnector.java:66)
	at EdgeConnector.getIsEP2Table(EdgeConnector.java:66)
	at EdgeConnector.getIsEP2Table(EdgeConnector.java:66)
	at EdgeConnector.getIsEP2Table(EdgeConnector.java:66)
	at EdgeConnector.getIsEP2Table(EdgeConnector.java:66)
	at EdgeConnector.getIsEP2Table(EdgeConnector.java:66)
	at EdgeConnector.getIsEP2Table(EdgeConnector.java:66)
	at EdgeConnector.getIsEP2Table(EdgeConnector.java:66)
	at EdgeConnector.getIsEP2Table(EdgeConnector.java:66)
	at EdgeConnector.getIsEP2Table(EdgeConnector.java:66)
	at EdgeConnector.getIsEP2Table(EdgeConnector.java:66)
	at EdgeConnector.getIsEP2Table(EdgeConnector.java:66)
	at EdgeConnector.getIsEP2Table(EdgeConnector.java:66)
	at EdgeConnector.getIsEP2Table(EdgeConnector.java:66)
	at EdgeConnector.getIsEP2Table(EdgeConnector.java:66)
	at EdgeConnector.getIsEP2Table(EdgeConnector.java:66)
	at EdgeConnector.getIsEP2Table(EdgeConnector.java:66)
	at EdgeConnector.getIsEP2Table(EdgeConnector.java:66)
	at EdgeConnector.getIsEP2Table(EdgeConnector.java:66)
	at EdgeConnector.getIsEP2Table(EdgeConnector.java:66)
	at EdgeConnector.getIsEP2Table(EdgeConnector.java:66)
	at EdgeConnector.getIsEP2Table(EdgeConnector.java:66)
	at EdgeConnector.getIsEP2Table(EdgeConnector.java:66)
	at EdgeConnector.getIsEP2Table(EdgeConnector.java:66)
	at EdgeConnector.getIsEP2Table(EdgeConnector.java:66)
	at EdgeConnector.getIsEP2Table(EdgeConnector.java:66)
	at EdgeConnector.getIsEP2Table(EdgeConnector.java:66)
	at EdgeConnector.getIsEP2Table(EdgeConnector.java:66)
	at EdgeConnector.getIsEP2Table(EdgeConnector.java:66)
	at EdgeConnector.getIsEP2Table(EdgeConnector.java:66)
	at EdgeConnector.getIsEP2Table(EdgeConnector.java:66)
	at EdgeConnector.getIsEP2Table(EdgeConnector.java:66)
	at EdgeConnector.getIsEP2Table(EdgeConnector.java:66)
	at EdgeConnector.getIsEP2Table(EdgeConnector.java:66)
	at EdgeConnector.getIsEP2Table(EdgeConnector.java:66)
	at EdgeConnector.getIsEP2Table(EdgeConnector.java:66)
	at EdgeConnector.getIsEP2Table(EdgeConnector.java:66)
	at EdgeConnector.getIsEP2Table(EdgeConnector.java:66)
	at EdgeConnector.getIsEP2Table(EdgeConnector.java:66)
	at EdgeConnector.getIsEP2Table(EdgeConnector.java:66)
	at EdgeConnector.getIsEP2Table(EdgeConnector.java:66)
	at EdgeConnector.getIsEP2Table(EdgeConnector.java:66)
	at EdgeConnector.getIsEP2Table(EdgeConnector.java:66)
	at EdgeConnector.getIsEP2Table(EdgeConnector.java:66)
	at EdgeConnector.getIsEP2Table(EdgeConnector.java:66)
	at EdgeConnector.getIsEP2Table(EdgeConnector.java:66)
	at EdgeConnector.getIsEP2Table(EdgeConnector.java:66)
	at EdgeConnector.getIsEP2Table(EdgeConnector.java:66)
	at EdgeConnector.getIsEP2Table(EdgeConnector.java:66)
	at EdgeConnector.getIsEP2Table(EdgeConnector.java:66)
	at EdgeConnector.getIsEP2Table(EdgeConnector.java:66)
	at EdgeConnector.getIsEP2Table(EdgeConnector.java:66)
	at EdgeConnector.getIsEP2Table(EdgeConnector.java:66)
	at EdgeConnector.getIsEP2Table(EdgeConnector.java:66)
	at EdgeConnector.getIsEP2Table(EdgeConnector.java:66)
	at EdgeConnector.getIsEP2Table(EdgeConnector.java:66)
	at EdgeConnector.getIsEP2Table(EdgeConnector.java:66)
	at EdgeConnector.getIsEP2Table(EdgeConnector.java:66)
	at EdgeConnector.getIsEP2Table(EdgeConnector.java:66)
	at EdgeConnector.getIsEP2Table(EdgeConnector.java:66)
	at EdgeConnector.getIsEP2Table(EdgeConnector.java:66)
	at EdgeConnector.getIsEP2Table(EdgeConnector.java:66)
	at EdgeConnector.getIsEP2Table(EdgeConnector.java:66)
	at EdgeConnector.getIsEP2Table(EdgeConnector.java:66)
	at EdgeConnector.getIsEP2Table(EdgeConnector.java:66)
	at EdgeConnector.getIsEP2Table(EdgeConnector.java:66)
	at EdgeConnector.getIsEP2Table(EdgeConnector.java:66)
	at EdgeConnector.getIsEP2Table(EdgeConnector.java:66)
	at EdgeConnector.getIsEP2Table(EdgeConnector.java:66)
	at EdgeConnector.getIsEP2Table(EdgeConnector.java:66)
	at EdgeConnector.getIsEP2Table(EdgeConnector.java:66)
	at EdgeConnector.getIsEP2Table(EdgeConnector.java:66)
	at EdgeConnector.getIsEP2Table(EdgeConnector.java:66)
	at EdgeConnector.getIsEP2Table(EdgeConnector.java:66)
	at EdgeConnector.getIsEP2Table(EdgeConnector.java:66)
	at EdgeConnector.getIsEP2Table(EdgeConnector.java:66)
	at EdgeConnector.getIsEP2Table(EdgeConnector.java:66)
	at EdgeConnector.getIsEP2Table(EdgeConnector.java:66)
	at EdgeConnector.getIsEP2Table(EdgeConnector.java:66)
	at EdgeConnector.getIsEP2Table(EdgeConnector.java:66)
	at EdgeConnector.getIsEP2Table(EdgeConnector.java:66)
	at EdgeConnector.getIsEP2Table(EdgeConnector.java:66)
	at EdgeConnector.getIsEP2Table(EdgeConnector.java:66)
	at EdgeConnector.getIsEP2Table(EdgeConnector.java:66)
	at EdgeConnector.getIsEP2Table(EdgeConnector.java:66)
	at EdgeConnector.getIsEP2Table(EdgeConnector.java:66)
	at EdgeConnector.getIsEP2Table(EdgeConnector.java:66)
	at EdgeConnector.getIsEP2Table(EdgeConnector.java:66)
	at EdgeConnector.getIsEP2Table(EdgeConnector.java:66)
	at EdgeConnector.getIsEP2Table(EdgeConnector.java:66)
	at EdgeConnector.getIsEP2Table(EdgeConnector.java:66)
	at EdgeConnector.getIsEP2Table(EdgeConnector.java:66)
	at EdgeConnector.getIsEP2Table(EdgeConnector.java:66)
	at EdgeConnector.getIsEP2Table(EdgeConnector.java:66)
	at EdgeConnector.getIsEP2Table(EdgeConnector.java:66)
	at EdgeConnector.getIsEP2Table(EdgeConnector.java:66)
	at EdgeConnector.getIsEP2Table(EdgeConnector.java:66)
	at EdgeConnector.getIsEP2Table(EdgeConnector.java:66)
	at EdgeConnector.getIsEP2Table(EdgeConnector.java:66)
	at EdgeConnector.getIsEP2Table(EdgeConnector.java:66)
	at EdgeConnector.getIsEP2Table(EdgeConnector.java:66)
	at EdgeConnector.getIsEP2Table(EdgeConnector.java:66)
	at EdgeConnector.getIsEP2Table(EdgeConnector.java:66)
	at EdgeConnector.getIsEP2Table(EdgeConnector.java:66)
	at EdgeConnector.getIsEP2Table(EdgeConnector.java:66)
	at EdgeConnector.getIsEP2Table(EdgeConnector.java:66)
	at EdgeConnector.getIsEP2Table(EdgeConnector.java:66)
	at EdgeConnector.getIsEP2Table(EdgeConnector.java:66)
	at EdgeConnector.getIsEP2Table(EdgeConnector.java:66)
	at EdgeConnector.getIsEP2Table(EdgeConnector.java:66)
	at EdgeConnector.getIsEP2Table(EdgeConnector.java:66)
	at EdgeConnector.getIsEP2Table(EdgeConnector.java:66)
	at EdgeConnector.getIsEP2Table(EdgeConnector.java:66)
	at EdgeConnector.getIsEP2Table(EdgeConnector.java:66)
	at EdgeConnector.getIsEP2Table(EdgeConnector.java:66)
	at EdgeConnector.getIsEP2Table(EdgeConnector.java:66)
	at EdgeConnector.getIsEP2Table(EdgeConnector.java:66)
	at EdgeConnector.getIsEP2Table(EdgeConnector.java:66)
</failure>
  </testcase>
  <system-out><![CDATA[22:50:40.067 [Test worker] INFO  EdgeConnector - numConnector: 1
22:50:40.125 [Test worker] INFO  EdgeConnector - Is EP1 Field set? false
22:50:40.139 [Test worker] INFO  EdgeConnector - Is EP1 Table set? false
22:50:40.149 [Test worker] INFO  EdgeConnector - Is EP2 Field set? false
22:50:40.157 [Test worker] INFO  EdgeConnector - Is EP2 Table set? false
]]></system-out>
  <system-err><![CDATA[]]></system-err>
</testsuite>
